#
# There is insufficient memory for the Java Runtime Environment to continue.
# Native memory allocation (malloc) failed to allocate 62848 bytes for Chunk::new
# Possible reasons:
#   The system is out of physical RAM or swap space
#   The process is running with CompressedOops enabled, and the Java Heap may be blocking the growth of the native heap
# Possible solutions:
#   Reduce memory load on the system
#   Increase physical memory or swap space
#   Check if swap backing store is full
#   Decrease Java heap size (-Xmx/-Xms)
#   Decrease number of Java threads
#   Decrease Java thread stack sizes (-Xss)
#   Set larger code cache with -XX:ReservedCodeCacheSize=
#   JVM is running with Unscaled Compressed Oops mode in which the Java heap is
#     placed in the first 4GB address space. The Java Heap base address is the
#     maximum limit for the native heap growth. Please use -XX:HeapBaseMinAddress
#     to set the Java Heap base and to place the Java Heap above 4GB virtual address.
# This output file may be truncated or incomplete.
#
#  Out of Memory Error (arena.cpp:184), pid=10724, tid=3756
#
# JRE version: Java(TM) SE Runtime Environment (18.0.2.1+1) (build 18.0.2.1+1-1)
# Java VM: Java HotSpot(TM) 64-Bit Server VM (18.0.2.1+1-1, mixed mode, sharing, tiered, compressed oops, compressed class ptrs, g1 gc, windows-amd64)
# No core dump will be written. Minidumps are not enabled by default on client versions of Windows
#

---------------  S U M M A R Y ------------

Command Line: -Dfile.encoding=UTF-8 --module-path=F:\Java Projects\Travel Management System\build\classes travel.management.system.ViewCustomer

Host: Intel(R) Core(TM) i5-7200U CPU @ 2.50GHz, 4 cores, 3G,  Windows 10 , 64 bit Build 19041 (10.0.19041.2546)
Time: Fri Mar 31 00:13:39 2023 India Standard Time elapsed time: 4111.718149 seconds (0d 1h 8m 31s)

---------------  T H R E A D  ---------------

Current thread (0x00000215e380de60):  JavaThread "C2 CompilerThread0" daemon [_thread_in_native, id=3756, stack(0x000000a022d00000,0x000000a022e00000)]


Current CompileTask:
C2:4111718  966       4       java.util.HashMap::get (19 bytes)

Stack: [0x000000a022d00000,0x000000a022e00000]
Native frames: (J=compiled Java code, j=interpreted, Vv=VM code, C=native code)
V  [jvm.dll+0x6993aa]
V  [jvm.dll+0x7f46dd]
V  [jvm.dll+0x7f5fee]
V  [jvm.dll+0x7f66a3]
V  [jvm.dll+0x25cf1f]
V  [jvm.dll+0xb8c2f]
V  [jvm.dll+0xb8fa5]
V  [jvm.dll+0x3860cb]
V  [jvm.dll+0x34fe71]
V  [jvm.dll+0x34f30a]
V  [jvm.dll+0x230101]
V  [jvm.dll+0x22f4d1]
V  [jvm.dll+0x1ba01c]
V  [jvm.dll+0x23ee0a]
V  [jvm.dll+0x23d0f5]
V  [jvm.dll+0x7a6dd1]
V  [jvm.dll+0x7a120a]
V  [jvm.dll+0x698255]
C  [ucrtbase.dll+0x21bb2]
C  [KERNEL32.DLL+0x17614]
C  [ntdll.dll+0x526a1]


---------------  P R O C E S S  ---------------

Threads class SMR info:
_java_thread_list=0x00000215e892f190, length=16, elements={
0x00000215e37ed0d0, 0x00000215e37edc40, 0x00000215e3806fa0, 0x00000215e3808860,
0x00000215e3809110, 0x00000215e3809b00, 0x00000215e380de60, 0x00000215e3838b90,
0x00000215e3845880, 0x00000215e7c080b0, 0x00000215e7ceac40, 0x00000215e7e85ae0,
0x00000215e7e14a00, 0x00000215e7e14ec0, 0x00000215e896e7f0, 0x00000215c6682130
}

Java Threads: ( => current thread )
  0x00000215e37ed0d0 JavaThread "Reference Handler" daemon [_thread_blocked, id=12324, stack(0x000000a022700000,0x000000a022800000)]
  0x00000215e37edc40 JavaThread "Finalizer" daemon [_thread_blocked, id=6088, stack(0x000000a022800000,0x000000a022900000)]
  0x00000215e3806fa0 JavaThread "Signal Dispatcher" daemon [_thread_blocked, id=9936, stack(0x000000a022900000,0x000000a022a00000)]
  0x00000215e3808860 JavaThread "Attach Listener" daemon [_thread_blocked, id=9772, stack(0x000000a022a00000,0x000000a022b00000)]
  0x00000215e3809110 JavaThread "Service Thread" daemon [_thread_blocked, id=17384, stack(0x000000a022b00000,0x000000a022c00000)]
  0x00000215e3809b00 JavaThread "Monitor Deflation Thread" daemon [_thread_blocked, id=5708, stack(0x000000a022c00000,0x000000a022d00000)]
=>0x00000215e380de60 JavaThread "C2 CompilerThread0" daemon [_thread_in_native, id=3756, stack(0x000000a022d00000,0x000000a022e00000)]
  0x00000215e3838b90 JavaThread "C1 CompilerThread0" daemon [_thread_blocked, id=6712, stack(0x000000a022e00000,0x000000a022f00000)]
  0x00000215e3845880 JavaThread "Sweeper thread" daemon [_thread_blocked, id=8, stack(0x000000a022f00000,0x000000a023000000)]
  0x00000215e7c080b0 JavaThread "Common-Cleaner" daemon [_thread_blocked, id=11660, stack(0x000000a023000000,0x000000a023100000)]
  0x00000215e7ceac40 JavaThread "Notification Thread" daemon [_thread_blocked, id=14520, stack(0x000000a023100000,0x000000a023200000)]
  0x00000215e7e85ae0 JavaThread "Java2D Disposer" daemon [_thread_blocked, id=15564, stack(0x000000a023300000,0x000000a023400000)]
  0x00000215e7e14a00 JavaThread "AWT-Shutdown" [_thread_blocked, id=5476, stack(0x000000a023400000,0x000000a023500000)]
  0x00000215e7e14ec0 JavaThread "AWT-Windows" daemon [_thread_in_native, id=1056, stack(0x000000a023500000,0x000000a023600000)]
  0x00000215e896e7f0 JavaThread "AWT-EventQueue-0" [_thread_blocked, id=10692, stack(0x000000a023700000,0x000000a023800000)]
  0x00000215c6682130 JavaThread "DestroyJavaVM" [_thread_blocked, id=15696, stack(0x000000a022000000,0x000000a022100000)]

Other Threads:
  0x00000215e37ea1c0 VMThread "VM Thread" [stack: 0x000000a022600000,0x000000a022700000] [id=15092]
  0x00000215e7d299d0 WatcherThread "VM Periodic Task Thread" [stack: 0x000000a023200000,0x000000a023300000] [id=9564]
  0x00000215c66c20f0 WorkerThread "GC Thread#0" [stack: 0x000000a022100000,0x000000a022200000] [id=9796]
  0x00000215c66cbb40 ConcurrentGCThread "G1 Main Marker" [stack: 0x000000a022200000,0x000000a022300000] [id=2492]
  0x00000215c66ccbe0 WorkerThread "G1 Conc#0" [stack: 0x000000a022300000,0x000000a022400000] [id=12020]
  0x00000215c66f4bf0 ConcurrentGCThread "G1 Refine#0" [stack: 0x000000a022400000,0x000000a022500000] [id=13384]
  0x00000215c66f5410 ConcurrentGCThread "G1 Service" [stack: 0x000000a022500000,0x000000a022600000] [id=14528]

Threads with active compile tasks:
C2 CompilerThread0  4112039  966       4       java.util.HashMap::get (19 bytes)

VM state: not at safepoint (normal execution)

VM Mutex/Monitor currently owned by a thread: None

Heap address: 0x00000000c2000000, size: 992 MB, Compressed Oops mode: 32-bit

CDS archive(s) mapped at: [0x0000000800000000-0x0000000800ba0000-0x0000000800ba0000), size 12189696, SharedBaseAddress: 0x0000000800000000, ArchiveRelocationMode: 0.
Compressed class space mapped at: 0x0000000800c00000-0x0000000840c00000, reserved size: 1073741824
Narrow klass base: 0x0000000800000000, Narrow klass shift: 0, Narrow klass range: 0x100000000

GC Precious Log:
 CardTable entry size: 512
 Card Set container configuration: InlinePtr #cards 5 size 8 Array Of Cards #cards 12 size 40 Howl #buckets 4 coarsen threshold 1843 Howl Bitmap #cards 512 size 80 coarsen threshold 460 Card regions per heap region 1 cards per card region 2048
 CPUs: 4 total, 4 available
 Memory: 3961M
 Large Page Support: Disabled
 NUMA Support: Disabled
 Compressed Oops: Enabled (32-bit)
 Heap Region Size: 1M
 Heap Min Capacity: 8M
 Heap Initial Capacity: 62M
 Heap Max Capacity: 992M
 Pre-touch: Disabled
 Parallel Workers: 4
 Concurrent Workers: 1
 Concurrent Refinement Workers: 4
 Periodic GC: Disabled

Heap:
 garbage-first heap   total 63488K, used 19456K [0x00000000c2000000, 0x0000000100000000)
  region size 1024K, 13 young (13312K), 0 survivors (0K)
 Metaspace       used 6949K, committed 7104K, reserved 1114112K
  class space    used 746K, committed 832K, reserved 1048576K

Heap Regions: E=young(eden), S=young(survivor), O=old, HS=humongous(starts), HC=humongous(continues), CS=collection set, F=free, OA=open archive, CA=closed archive, TAMS=top-at-mark-start (previous, next)
|   0|0x00000000c2000000, 0x00000000c2100000, 0x00000000c2100000|100%|HS|  |TAMS 0x00000000c2000000, 0x00000000c2000000| Complete 
|   1|0x00000000c2100000, 0x00000000c2200000, 0x00000000c2200000|100%|HC|  |TAMS 0x00000000c2100000, 0x00000000c2100000| Complete 
|   2|0x00000000c2200000, 0x00000000c2300000, 0x00000000c2300000|100%|HC|  |TAMS 0x00000000c2200000, 0x00000000c2200000| Complete 
|   3|0x00000000c2300000, 0x00000000c2400000, 0x00000000c2400000|100%|HS|  |TAMS 0x00000000c2300000, 0x00000000c2300000| Complete 
|   4|0x00000000c2400000, 0x00000000c2500000, 0x00000000c2500000|100%|HC|  |TAMS 0x00000000c2400000, 0x00000000c2400000| Complete 
|   5|0x00000000c2500000, 0x00000000c2600000, 0x00000000c2600000|100%|HC|  |TAMS 0x00000000c2500000, 0x00000000c2500000| Complete 
|   6|0x00000000c2600000, 0x00000000c2700000, 0x00000000c2700000|100%|HC|  |TAMS 0x00000000c2600000, 0x00000000c2600000| Complete 
|   7|0x00000000c2700000, 0x00000000c2700000, 0x00000000c2800000|  0%| F|  |TAMS 0x00000000c2700000, 0x00000000c2700000| Untracked 
|   8|0x00000000c2800000, 0x00000000c2800000, 0x00000000c2900000|  0%| F|  |TAMS 0x00000000c2800000, 0x00000000c2800000| Untracked 
|   9|0x00000000c2900000, 0x00000000c2900000, 0x00000000c2a00000|  0%| F|  |TAMS 0x00000000c2900000, 0x00000000c2900000| Untracked 
|  10|0x00000000c2a00000, 0x00000000c2a00000, 0x00000000c2b00000|  0%| F|  |TAMS 0x00000000c2a00000, 0x00000000c2a00000| Untracked 
|  11|0x00000000c2b00000, 0x00000000c2b00000, 0x00000000c2c00000|  0%| F|  |TAMS 0x00000000c2b00000, 0x00000000c2b00000| Untracked 
|  12|0x00000000c2c00000, 0x00000000c2c00000, 0x00000000c2d00000|  0%| F|  |TAMS 0x00000000c2c00000, 0x00000000c2c00000| Untracked 
|  13|0x00000000c2d00000, 0x00000000c2d00000, 0x00000000c2e00000|  0%| F|  |TAMS 0x00000000c2d00000, 0x00000000c2d00000| Untracked 
|  14|0x00000000c2e00000, 0x00000000c2e00000, 0x00000000c2f00000|  0%| F|  |TAMS 0x00000000c2e00000, 0x00000000c2e00000| Untracked 
|  15|0x00000000c2f00000, 0x00000000c2f00000, 0x00000000c3000000|  0%| F|  |TAMS 0x00000000c2f00000, 0x00000000c2f00000| Untracked 
|  16|0x00000000c3000000, 0x00000000c3000000, 0x00000000c3100000|  0%| F|  |TAMS 0x00000000c3000000, 0x00000000c3000000| Untracked 
|  17|0x00000000c3100000, 0x00000000c3100000, 0x00000000c3200000|  0%| F|  |TAMS 0x00000000c3100000, 0x00000000c3100000| Untracked 
|  18|0x00000000c3200000, 0x00000000c3200000, 0x00000000c3300000|  0%| F|  |TAMS 0x00000000c3200000, 0x00000000c3200000| Untracked 
|  19|0x00000000c3300000, 0x00000000c3300000, 0x00000000c3400000|  0%| F|  |TAMS 0x00000000c3300000, 0x00000000c3300000| Untracked 
|  20|0x00000000c3400000, 0x00000000c3400000, 0x00000000c3500000|  0%| F|  |TAMS 0x00000000c3400000, 0x00000000c3400000| Untracked 
|  21|0x00000000c3500000, 0x00000000c3500000, 0x00000000c3600000|  0%| F|  |TAMS 0x00000000c3500000, 0x00000000c3500000| Untracked 
|  22|0x00000000c3600000, 0x00000000c3600000, 0x00000000c3700000|  0%| F|  |TAMS 0x00000000c3600000, 0x00000000c3600000| Untracked 
|  23|0x00000000c3700000, 0x00000000c3700000, 0x00000000c3800000|  0%| F|  |TAMS 0x00000000c3700000, 0x00000000c3700000| Untracked 
|  24|0x00000000c3800000, 0x00000000c3800000, 0x00000000c3900000|  0%| F|  |TAMS 0x00000000c3800000, 0x00000000c3800000| Untracked 
|  25|0x00000000c3900000, 0x00000000c3900000, 0x00000000c3a00000|  0%| F|  |TAMS 0x00000000c3900000, 0x00000000c3900000| Untracked 
|  26|0x00000000c3a00000, 0x00000000c3a00000, 0x00000000c3b00000|  0%| F|  |TAMS 0x00000000c3a00000, 0x00000000c3a00000| Untracked 
|  27|0x00000000c3b00000, 0x00000000c3b00000, 0x00000000c3c00000|  0%| F|  |TAMS 0x00000000c3b00000, 0x00000000c3b00000| Untracked 
|  28|0x00000000c3c00000, 0x00000000c3c00000, 0x00000000c3d00000|  0%| F|  |TAMS 0x00000000c3c00000, 0x00000000c3c00000| Untracked 
|  29|0x00000000c3d00000, 0x00000000c3d00000, 0x00000000c3e00000|  0%| F|  |TAMS 0x00000000c3d00000, 0x00000000c3d00000| Untracked 
|  30|0x00000000c3e00000, 0x00000000c3e00000, 0x00000000c3f00000|  0%| F|  |TAMS 0x00000000c3e00000, 0x00000000c3e00000| Untracked 
|  31|0x00000000c3f00000, 0x00000000c3f00000, 0x00000000c4000000|  0%| F|  |TAMS 0x00000000c3f00000, 0x00000000c3f00000| Untracked 
|  32|0x00000000c4000000, 0x00000000c4000000, 0x00000000c4100000|  0%| F|  |TAMS 0x00000000c4000000, 0x00000000c4000000| Untracked 
|  33|0x00000000c4100000, 0x00000000c4100000, 0x00000000c4200000|  0%| F|  |TAMS 0x00000000c4100000, 0x00000000c4100000| Untracked 
|  34|0x00000000c4200000, 0x00000000c4200000, 0x00000000c4300000|  0%| F|  |TAMS 0x00000000c4200000, 0x00000000c4200000| Untracked 
|  35|0x00000000c4300000, 0x00000000c4300000, 0x00000000c4400000|  0%| F|  |TAMS 0x00000000c4300000, 0x00000000c4300000| Untracked 
|  36|0x00000000c4400000, 0x00000000c4400000, 0x00000000c4500000|  0%| F|  |TAMS 0x00000000c4400000, 0x00000000c4400000| Untracked 
|  37|0x00000000c4500000, 0x00000000c4500000, 0x00000000c4600000|  0%| F|  |TAMS 0x00000000c4500000, 0x00000000c4500000| Untracked 
|  38|0x00000000c4600000, 0x00000000c4600000, 0x00000000c4700000|  0%| F|  |TAMS 0x00000000c4600000, 0x00000000c4600000| Untracked 
|  39|0x00000000c4700000, 0x00000000c4700000, 0x00000000c4800000|  0%| F|  |TAMS 0x00000000c4700000, 0x00000000c4700000| Untracked 
|  40|0x00000000c4800000, 0x00000000c4800000, 0x00000000c4900000|  0%| F|  |TAMS 0x00000000c4800000, 0x00000000c4800000| Untracked 
|  41|0x00000000c4900000, 0x00000000c4900000, 0x00000000c4a00000|  0%| F|  |TAMS 0x00000000c4900000, 0x00000000c4900000| Untracked 
|  42|0x00000000c4a00000, 0x00000000c4a00000, 0x00000000c4b00000|  0%| F|  |TAMS 0x00000000c4a00000, 0x00000000c4a00000| Untracked 
|  43|0x00000000c4b00000, 0x00000000c4b00000, 0x00000000c4c00000|  0%| F|  |TAMS 0x00000000c4b00000, 0x00000000c4b00000| Untracked 
|  44|0x00000000c4c00000, 0x00000000c4c00000, 0x00000000c4d00000|  0%| F|  |TAMS 0x00000000c4c00000, 0x00000000c4c00000| Untracked 
|  45|0x00000000c4d00000, 0x00000000c4d00000, 0x00000000c4e00000|  0%| F|  |TAMS 0x00000000c4d00000, 0x00000000c4d00000| Untracked 
|  46|0x00000000c4e00000, 0x00000000c4e00000, 0x00000000c4f00000|  0%| F|  |TAMS 0x00000000c4e00000, 0x00000000c4e00000| Untracked 
|  47|0x00000000c4f00000, 0x00000000c4f00000, 0x00000000c5000000|  0%| F|  |TAMS 0x00000000c4f00000, 0x00000000c4f00000| Untracked 
|  48|0x00000000c5000000, 0x00000000c5000000, 0x00000000c5100000|  0%| F|  |TAMS 0x00000000c5000000, 0x00000000c5000000| Untracked 
|  49|0x00000000c5100000, 0x00000000c5143110, 0x00000000c5200000| 26%| E|  |TAMS 0x00000000c5100000, 0x00000000c5100000| Complete 
|  50|0x00000000c5200000, 0x00000000c5300000, 0x00000000c5300000|100%| E|CS|TAMS 0x00000000c5200000, 0x00000000c5200000| Complete 
|  51|0x00000000c5300000, 0x00000000c5400000, 0x00000000c5400000|100%| E|CS|TAMS 0x00000000c5300000, 0x00000000c5300000| Complete 
|  52|0x00000000c5400000, 0x00000000c5500000, 0x00000000c5500000|100%| E|CS|TAMS 0x00000000c5400000, 0x00000000c5400000| Complete 
|  53|0x00000000c5500000, 0x00000000c5600000, 0x00000000c5600000|100%| E|CS|TAMS 0x00000000c5500000, 0x00000000c5500000| Complete 
|  54|0x00000000c5600000, 0x00000000c5700000, 0x00000000c5700000|100%| E|CS|TAMS 0x00000000c5600000, 0x00000000c5600000| Complete 
|  55|0x00000000c5700000, 0x00000000c5800000, 0x00000000c5800000|100%| E|CS|TAMS 0x00000000c5700000, 0x00000000c5700000| Complete 
|  56|0x00000000c5800000, 0x00000000c5900000, 0x00000000c5900000|100%| E|CS|TAMS 0x00000000c5800000, 0x00000000c5800000| Complete 
|  57|0x00000000c5900000, 0x00000000c5a00000, 0x00000000c5a00000|100%| E|CS|TAMS 0x00000000c5900000, 0x00000000c5900000| Complete 
|  58|0x00000000c5a00000, 0x00000000c5b00000, 0x00000000c5b00000|100%| E|CS|TAMS 0x00000000c5a00000, 0x00000000c5a00000| Complete 
|  59|0x00000000c5b00000, 0x00000000c5c00000, 0x00000000c5c00000|100%| E|CS|TAMS 0x00000000c5b00000, 0x00000000c5b00000| Complete 
|  60|0x00000000c5c00000, 0x00000000c5d00000, 0x00000000c5d00000|100%| E|CS|TAMS 0x00000000c5c00000, 0x00000000c5c00000| Complete 
|  61|0x00000000c5d00000, 0x00000000c5e00000, 0x00000000c5e00000|100%| E|CS|TAMS 0x00000000c5d00000, 0x00000000c5d00000| Complete 

Card table byte_map: [0x00000215defa0000,0x00000215df190000] _byte_map_base: 0x00000215de990000

Marking Bits (Prev, Next): (CMBitMap*) 0x00000215c66c3610, (CMBitMap*) 0x00000215c66c3650
 Prev Bits: [0x00000215df380000, 0x00000215e0300000)
 Next Bits: [0x00000215e0300000, 0x00000215e1280000)

Polling page: 0x00000215c6440000

Metaspace:

Usage:
  Non-class:      6.06 MB used.
      Class:    746.63 KB used.
       Both:      6.79 MB used.

Virtual space:
  Non-class space:       64.00 MB reserved,       6.12 MB ( 10%) committed,  1 nodes.
      Class space:        1.00 GB reserved,     832.00 KB ( <1%) committed,  1 nodes.
             Both:        1.06 GB reserved,       6.94 MB ( <1%) committed. 

Chunk freelists:
   Non-Class:  1.00 MB
       Class:  3.23 MB
        Both:  4.23 MB

MaxMetaspaceSize: unlimited
CompressedClassSpaceSize: 1.00 GB
Initial GC threshold: 21.00 MB
Current GC threshold: 21.00 MB
CDS: on
MetaspaceReclaimPolicy: balanced
 - commit_granule_bytes: 65536.
 - commit_granule_words: 8192.
 - virtual_space_node_default_size: 8388608.
 - enlarge_chunks_in_place: 1.
 - new_chunks_are_fully_committed: 0.
 - uncommit_free_chunks: 1.
 - use_allocation_guard: 0.


Internal statistics:

num_allocs_failed_limit: 0.
num_arena_births: 126.
num_arena_deaths: 0.
num_vsnodes_births: 2.
num_vsnodes_deaths: 0.
num_space_committed: 111.
num_space_uncommitted: 0.
num_chunks_returned_to_freelist: 0.
num_chunks_taken_from_freelist: 145.
num_chunk_merges: 0.
num_chunk_splits: 96.
num_chunks_enlarged: 60.
num_inconsistent_stats: 0.

CodeHeap 'non-profiled nmethods': size=120000Kb used=273Kb max_used=273Kb free=119726Kb
 bounds [0x00000215d7250000, 0x00000215d74c0000, 0x00000215de780000]
CodeHeap 'profiled nmethods': size=120000Kb used=1469Kb max_used=1469Kb free=118530Kb
 bounds [0x00000215cfd20000, 0x00000215cff90000, 0x00000215d7250000]
CodeHeap 'non-nmethods': size=5760Kb used=1268Kb max_used=1283Kb free=4491Kb
 bounds [0x00000215cf780000, 0x00000215cf9f0000, 0x00000215cfd20000]
 total_blobs=1553 nmethods=971 adapters=495
 compilation: enabled
              stopped_count=0, restarted_count=0
 full_count=0

Compilation events (20 events):
Event: 3687.610 Thread 0x00000215e380de60 nmethod 961 0x00000215d7293490 code [0x00000215d7293620, 0x00000215d7293858]
Event: 4110.681 Thread 0x00000215e3838b90  963   !   3       java.awt.Component::firePropertyChange (59 bytes)
Event: 4110.835 Thread 0x00000215e380de60  966       4       java.util.HashMap::get (19 bytes)
Event: 4110.927 Thread 0x00000215e3838b90 nmethod 963 0x00000215cfe8c990 code [0x00000215cfe8cb60, 0x00000215cfe8d0b8]
Event: 4110.960 Thread 0x00000215e3838b90  964       1       sun.awt.Win32GraphicsDevice::getDefaultScaleX (5 bytes)
Event: 4110.974 Thread 0x00000215e3838b90 nmethod 964 0x00000215d7293e90 code [0x00000215d7294020, 0x00000215d72940f8]
Event: 4110.974 Thread 0x00000215e3838b90  965       1       sun.awt.Win32GraphicsDevice::getDefaultScaleY (5 bytes)
Event: 4110.974 Thread 0x00000215e3838b90 nmethod 965 0x00000215d7294190 code [0x00000215d7294320, 0x00000215d72943f8]
Event: 4111.080 Thread 0x00000215e3838b90  968  s    3       sun.java2d.loops.GraphicsPrimitiveMgr::locatePrim (95 bytes)
Event: 4111.172 Thread 0x00000215e3838b90 nmethod 968 0x00000215cfe8d290 code [0x00000215cfe8d4a0, 0x00000215cfe8dd08]
Event: 4111.173 Thread 0x00000215e3838b90  969       3       java.awt.geom.AffineTransform::getScaleInstance (19 bytes)
Event: 4111.185 Thread 0x00000215e3838b90 nmethod 969 0x00000215cfe8e110 code [0x00000215cfe8e2c0, 0x00000215cfe8e4b8]
Event: 4111.185 Thread 0x00000215e3838b90  970       3       java.awt.geom.AffineTransform::setToScale (66 bytes)
Event: 4111.187 Thread 0x00000215e3838b90 nmethod 970 0x00000215cfe8e590 code [0x00000215cfe8e760, 0x00000215cfe8e9d8]
Event: 4111.200 Thread 0x00000215e3838b90  974       3       java.beans.PropertyChangeSupport::fire (39 bytes)
Event: 4111.221 Thread 0x00000215e3838b90 nmethod 974 0x00000215cfe8ea90 code [0x00000215cfe8ec40, 0x00000215cfe8ef08]
Event: 4111.221 Thread 0x00000215e3838b90  973  s    3       java.beans.ChangeListenerMap::get (25 bytes)
Event: 4111.222 Thread 0x00000215e3838b90 nmethod 973 0x00000215cfe8f090 code [0x00000215cfe8f240, 0x00000215cfe8f628]
Event: 4111.234 Thread 0x00000215e3838b90  972       1       sun.awt.NullComponentPeer::updateGraphicsData (2 bytes)
Event: 4111.246 Thread 0x00000215e3838b90 nmethod 972 0x00000215d7294490 code [0x00000215d7294620, 0x00000215d72946f8]

GC Heap History (0 events):
No events

Deoptimization events (20 events):
Event: 0.444 Thread 0x00000215c6682130 Uncommon trap: trap_request=0xffffff45 fr.pc=0x00000215d727c124 relative=0x0000000000000224
Event: 0.444 Thread 0x00000215c6682130 Uncommon trap: reason=unstable_if action=reinterpret pc=0x00000215d727c124 method=java.lang.StringUTF16.compress([CI[BII)I @ 20 c2
Event: 0.444 Thread 0x00000215c6682130 DEOPT PACKING pc=0x00000215d727c124 sp=0x000000a0220fdae0
Event: 0.444 Thread 0x00000215c6682130 DEOPT UNPACKING pc=0x00000215cf7d23a3 sp=0x000000a0220fda60 mode 2
Event: 0.553 Thread 0x00000215e896e7f0 Uncommon trap: trap_request=0xffffffde fr.pc=0x00000215d72867dc relative=0x000000000000029c
Event: 0.553 Thread 0x00000215e896e7f0 Uncommon trap: reason=class_check action=maybe_recompile pc=0x00000215d72867dc method=java.util.HashMap.getNode(Ljava/lang/Object;)Ljava/util/HashMap$Node; @ 63 c2
Event: 0.553 Thread 0x00000215e896e7f0 DEOPT PACKING pc=0x00000215d72867dc sp=0x000000a0237fd6e0
Event: 0.553 Thread 0x00000215e896e7f0 DEOPT UNPACKING pc=0x00000215cf7d23a3 sp=0x000000a0237fd648 mode 2
Event: 0.554 Thread 0x00000215e896e7f0 Uncommon trap: trap_request=0xffffffde fr.pc=0x00000215d72867dc relative=0x000000000000029c
Event: 0.554 Thread 0x00000215e896e7f0 Uncommon trap: reason=class_check action=maybe_recompile pc=0x00000215d72867dc method=java.util.HashMap.getNode(Ljava/lang/Object;)Ljava/util/HashMap$Node; @ 63 c2
Event: 0.554 Thread 0x00000215e896e7f0 DEOPT PACKING pc=0x00000215d72867dc sp=0x000000a0237fd670
Event: 0.554 Thread 0x00000215e896e7f0 DEOPT UNPACKING pc=0x00000215cf7d23a3 sp=0x000000a0237fd5d8 mode 2
Event: 0.558 Thread 0x00000215e896e7f0 Uncommon trap: trap_request=0xffffffde fr.pc=0x00000215d72867dc relative=0x000000000000029c
Event: 0.558 Thread 0x00000215e896e7f0 Uncommon trap: reason=class_check action=maybe_recompile pc=0x00000215d72867dc method=java.util.HashMap.getNode(Ljava/lang/Object;)Ljava/util/HashMap$Node; @ 63 c2
Event: 0.558 Thread 0x00000215e896e7f0 DEOPT PACKING pc=0x00000215d72867dc sp=0x000000a0237fd560
Event: 0.558 Thread 0x00000215e896e7f0 DEOPT UNPACKING pc=0x00000215cf7d23a3 sp=0x000000a0237fd4c8 mode 2
Event: 0.559 Thread 0x00000215e896e7f0 Uncommon trap: trap_request=0xffffffde fr.pc=0x00000215d72867dc relative=0x000000000000029c
Event: 0.559 Thread 0x00000215e896e7f0 Uncommon trap: reason=class_check action=maybe_recompile pc=0x00000215d72867dc method=java.util.HashMap.getNode(Ljava/lang/Object;)Ljava/util/HashMap$Node; @ 63 c2
Event: 0.559 Thread 0x00000215e896e7f0 DEOPT PACKING pc=0x00000215d72867dc sp=0x000000a0237fd6e0
Event: 0.559 Thread 0x00000215e896e7f0 DEOPT UNPACKING pc=0x00000215cf7d23a3 sp=0x000000a0237fd648 mode 2

Classes loaded (20 events):
Event: 0.617 Loading class java/awt/Panel done
Event: 0.617 Loading class java/applet/Applet done
Event: 0.619 Loading class java/util/concurrent/locks/AbstractQueuedSynchronizer$ConditionNode
Event: 0.619 Loading class java/util/concurrent/ForkJoinPool$ManagedBlocker
Event: 0.619 Loading class java/util/concurrent/ForkJoinPool$ManagedBlocker done
Event: 0.619 Loading class java/util/concurrent/locks/AbstractQueuedSynchronizer$ConditionNode done
Event: 1.268 Loading class javax/swing/event/ChangeEvent
Event: 1.268 Loading class javax/swing/event/ChangeEvent done
Event: 2.315 Loading class java/awt/LightweightDispatcher$2
Event: 2.316 Loading class java/awt/LightweightDispatcher$2 done
Event: 5.907 Loading class java/awt/KeyboardFocusManager$2
Event: 5.907 Loading class java/awt/KeyboardFocusManager$2 done
Event: 5.907 Loading class sun/awt/SunToolkit$1
Event: 5.907 Loading class sun/awt/SunToolkit$1 done
Event: 3687.434 Loading class java/util/WeakHashMap$KeyIterator
Event: 3687.457 Loading class java/util/WeakHashMap$HashIterator
Event: 3687.458 Loading class java/util/WeakHashMap$HashIterator done
Event: 3687.458 Loading class java/util/WeakHashMap$KeyIterator done
Event: 3687.519 Loading class javax/swing/RepaintManager$DisplayChangedRunnable
Event: 3687.520 Loading class javax/swing/RepaintManager$DisplayChangedRunnable done

Classes unloaded (0 events):
No events

Classes redefined (0 events):
No events

Internal exceptions (17 events):
Event: 0.069 Thread 0x00000215c6682130 Exception <a 'sun/nio/fs/WindowsException'{0x00000000c5c3a040}> (0x00000000c5c3a040) 
thrown [s\open\src\hotspot\share\prims\jni.cpp, line 516]
Event: 0.069 Thread 0x00000215c6682130 Exception <a 'sun/nio/fs/WindowsException'{0x00000000c5c3a530}> (0x00000000c5c3a530) 
thrown [s\open\src\hotspot\share\prims\jni.cpp, line 516]
Event: 0.070 Thread 0x00000215c6682130 Exception <a 'sun/nio/fs/WindowsException'{0x00000000c5c3c658}> (0x00000000c5c3c658) 
thrown [s\open\src\hotspot\share\prims\jni.cpp, line 516]
Event: 0.070 Thread 0x00000215c6682130 Exception <a 'sun/nio/fs/WindowsException'{0x00000000c5c3d048}> (0x00000000c5c3d048) 
thrown [s\open\src\hotspot\share\prims\jni.cpp, line 516]
Event: 0.109 Thread 0x00000215c6682130 Exception <a 'java/lang/ClassNotFoundException'{0x00000000c5cfcd28}: sun/awt/resources/spi/awtProvider> (0x00000000c5cfcd28) 
thrown [s\open\src\hotspot\share\classfile\systemDictionary.cpp, line 255]
Event: 0.131 Thread 0x00000215c6682130 Exception <a 'java/io/FileNotFoundException'{0x00000000c5b50d40}> (0x00000000c5b50d40) 
thrown [s\open\src\hotspot\share\prims\jni.cpp, line 516]
Event: 0.139 Thread 0x00000215c6682130 Exception <a 'java/io/FileNotFoundException'{0x00000000c5b7dd38}> (0x00000000c5b7dd38) 
thrown [s\open\src\hotspot\share\prims\jni.cpp, line 516]
Event: 0.177 Thread 0x00000215c6682130 Exception <a 'java/lang/NoSuchMethodError'{0x00000000c5bc2530}: 'java.lang.Object java.lang.invoke.DirectMethodHandle$Holder.invokeStaticInit(java.lang.Object)'> (0x00000000c5bc2530) 
thrown [s\open\src\hotspot\share\interpreter\linkResolver.cpp, line 759]
Event: 0.212 Thread 0x00000215c6682130 Exception <a 'java/lang/NoSuchMethodError'{0x00000000c5a4f410}: 'void java.lang.invoke.DirectMethodHandle$Holder.invokeSpecial(java.lang.Object, java.lang.Object, java.lang.Object)'> (0x00000000c5a4f410) 
thrown [s\open\src\hotspot\share\interpreter\linkResolver.cpp, line 759]
Event: 0.220 Thread 0x00000215c6682130 Exception <a 'java/lang/NoSuchMethodError'{0x00000000c5a7a4a0}: 'java.lang.Object java.lang.invoke.DirectMethodHandle$Holder.newInvokeSpecial(java.lang.Object, java.lang.Object, java.lang.Object, java.lang.Object, java.lang.Object)'> (0x00000000c5a7a4a0) 
thrown [s\open\src\hotspot\share\interpreter\linkResolver.cpp, line 759]
Event: 0.227 Thread 0x00000215c6682130 Exception <a 'java/lang/NoSuchMethodError'{0x00000000c5aac1f8}: 'java.lang.Object java.lang.invoke.DirectMethodHandle$Holder.invokeStatic(java.lang.Object, int, java.lang.Object)'> (0x00000000c5aac1f8) 
thrown [s\open\src\hotspot\share\interpreter\linkResolver.cpp, line 759]
Event: 0.256 Thread 0x00000215c6682130 Exception <a 'java/lang/ClassNotFoundException'{0x00000000c5969558}: com/sun/swing/internal/plaf/metal/resources/spi/metalProvider> (0x00000000c5969558) 
thrown [s\open\src\hotspot\share\classfile\systemDictionary.cpp, line 255]
Event: 0.257 Thread 0x00000215c6682130 Exception <a 'java/lang/ClassNotFoundException'{0x00000000c596d590}: com/sun/swing/internal/plaf/basic/resources/spi/basicProvider> (0x00000000c596d590) 
thrown [s\open\src\hotspot\share\classfile\systemDictionary.cpp, line 255]
Event: 0.265 Thread 0x00000215c6682130 Exception <a 'java/lang/NoSuchMethodError'{0x00000000c598df90}: 'int java.lang.invoke.Invokers$Holder.invokeExact_MT(java.lang.Object, java.lang.Object)'> (0x00000000c598df90) 
thrown [s\open\src\hotspot\share\interpreter\linkResolver.cpp, line 759]
Event: 0.337 Thread 0x00000215e7f05020 Exception <a 'java/lang/NoSuchMethodError'{0x00000000c57447c8}: 'java.lang.Object java.lang.invoke.DirectMethodHandle$Holder.newInvokeSpecial(java.lang.Object, java.lang.Object, java.lang.Object, int, int, int, int, int)'> (0x00000000c57447c8) 
thrown [s\open\src\hotspot\share\interpreter\linkResolver.cpp, line 759]
Event: 0.408 Thread 0x00000215e7e14ec0 Exception <a 'java/lang/NoSuchMethodError'{0x00000000c5a10250}: 'void java.lang.invoke.DirectMethodHandle$Holder.invokeVirtual(java.lang.Object, java.lang.Object)'> (0x00000000c5a10250) 
thrown [s\open\src\hotspot\share\interpreter\linkResolver.cpp, line 759]
Event: 0.427 Thread 0x00000215c6682130 Exception <a 'java/lang/NoSuchMethodError'{0x00000000c59c7900}: 'void java.lang.invoke.DirectMethodHandle$Holder.invokeStaticInit(java.lang.Object)'> (0x00000000c59c7900) 
thrown [s\open\src\hotspot\share\interpreter\linkResolver.cpp, line 759]

VM Operations (12 events):
Event: 0.071 Executing VM operation: HandshakeAllThreads
Event: 0.071 Executing VM operation: HandshakeAllThreads done
Event: 0.271 Executing VM operation: HandshakeAllThreads
Event: 0.271 Executing VM operation: HandshakeAllThreads done
Event: 0.359 Executing VM operation: HandshakeAllThreads
Event: 0.360 Executing VM operation: HandshakeAllThreads done
Event: 0.594 Executing VM operation: HandshakeAllThreads
Event: 0.594 Executing VM operation: HandshakeAllThreads done
Event: 1.605 Executing VM operation: Cleanup
Event: 1.605 Executing VM operation: Cleanup done
Event: 2.614 Executing VM operation: Cleanup
Event: 2.614 Executing VM operation: Cleanup done

Events (20 events):
Event: 0.031 Thread 0x00000215e3838b90 Thread added: 0x00000215e3838b90
Event: 0.031 Thread 0x00000215e3845880 Thread added: 0x00000215e3845880
Event: 0.054 Thread 0x00000215e7c080b0 Thread added: 0x00000215e7c080b0
Event: 0.066 Loaded shared library C:\Program Files\Java\jdk-18.0.2.1\bin\net.dll
Event: 0.067 Loaded shared library C:\Program Files\Java\jdk-18.0.2.1\bin\nio.dll
Event: 0.084 Thread 0x00000215e7ceac40 Thread added: 0x00000215e7ceac40
Event: 0.091 Loaded shared library C:\Program Files\Java\jdk-18.0.2.1\bin\zip.dll
Event: 0.103 Loaded shared library C:\Program Files\Java\jdk-18.0.2.1\bin\jimage.dll
Event: 0.118 Loaded shared library C:\Program Files\Java\jdk-18.0.2.1\bin\awt.dll
Event: 0.179 Thread 0x00000215e7e85ae0 Thread added: 0x00000215e7e85ae0
Event: 0.180 Thread 0x00000215e7e14a00 Thread added: 0x00000215e7e14a00
Event: 0.182 Thread 0x00000215e7e14ec0 Thread added: 0x00000215e7e14ec0
Event: 0.278 Thread 0x00000215e7f05020 Thread added: 0x00000215e7f05020
Event: 0.335 Loaded shared library C:\Program Files\Java\jdk-18.0.2.1\bin\javajpeg.dll
Event: 0.407 Thread 0x00000215e896e7f0 Thread added: 0x00000215e896e7f0
Event: 0.432 Loaded shared library C:\Program Files\Java\jdk-18.0.2.1\bin\freetype.dll
Event: 0.433 Loaded shared library C:\Program Files\Java\jdk-18.0.2.1\bin\fontmanager.dll
Event: 0.504 Thread 0x00000215c6682130 Thread exited: 0x00000215c6682130
Event: 0.505 Thread 0x00000215c6682130 Thread added: 0x00000215c6682130
Event: 5.399 Thread 0x00000215e7f05020 Thread exited: 0x00000215e7f05020


Dynamic libraries:
0x00007ff6f5670000 - 0x00007ff6f5680000 	C:\Program Files\Java\jdk-18.0.2.1\bin\java.exe
0x00007ffb5ee10000 - 0x00007ffb5f008000 	C:\WINDOWS\SYSTEM32\ntdll.dll
0x00007ffb5df40000 - 0x00007ffb5dfff000 	C:\WINDOWS\System32\KERNEL32.DLL
0x00007ffb5c840000 - 0x00007ffb5cb12000 	C:\WINDOWS\System32\KERNELBASE.dll
0x00007ffb5c5c0000 - 0x00007ffb5c6c0000 	C:\WINDOWS\System32\ucrtbase.dll
0x00007ffb57760000 - 0x00007ffb57778000 	C:\Program Files\Java\jdk-18.0.2.1\bin\jli.dll
0x00007ffb372f0000 - 0x00007ffb3730a000 	C:\Program Files\Java\jdk-18.0.2.1\bin\VCRUNTIME140.dll
0x00007ffb5cf30000 - 0x00007ffb5cfde000 	C:\WINDOWS\System32\ADVAPI32.dll
0x00007ffb5ebc0000 - 0x00007ffb5ec5e000 	C:\WINDOWS\System32\msvcrt.dll
0x00007ffb5dea0000 - 0x00007ffb5df3c000 	C:\WINDOWS\System32\sechost.dll
0x00007ffb5e650000 - 0x00007ffb5e774000 	C:\WINDOWS\System32\RPCRT4.dll
0x00007ffb5e000000 - 0x00007ffb5e1a1000 	C:\WINDOWS\System32\USER32.dll
0x00007ffb48610000 - 0x00007ffb488aa000 	C:\WINDOWS\WinSxS\amd64_microsoft.windows.common-controls_6595b64144ccf1df_6.0.19041.1110_none_60b5254171f9507e\COMCTL32.dll
0x00007ffb5cde0000 - 0x00007ffb5ce02000 	C:\WINDOWS\System32\win32u.dll
0x00007ffb5ec60000 - 0x00007ffb5ec8b000 	C:\WINDOWS\System32\GDI32.dll
0x00007ffb5c6c0000 - 0x00007ffb5c7cf000 	C:\WINDOWS\System32\gdi32full.dll
0x00007ffb5cd40000 - 0x00007ffb5cddd000 	C:\WINDOWS\System32\msvcp_win.dll
0x00007ffb568e0000 - 0x00007ffb568ea000 	C:\WINDOWS\SYSTEM32\VERSION.dll
0x00007ffb5eae0000 - 0x00007ffb5eb10000 	C:\WINDOWS\System32\IMM32.DLL
0x00007ffb44630000 - 0x00007ffb4463c000 	C:\Program Files\Java\jdk-18.0.2.1\bin\vcruntime140_1.dll
0x00007ffae5200000 - 0x00007ffae528d000 	C:\Program Files\Java\jdk-18.0.2.1\bin\msvcp140.dll
0x00007ffad1860000 - 0x00007ffad2471000 	C:\Program Files\Java\jdk-18.0.2.1\bin\server\jvm.dll
0x00007ffb5e430000 - 0x00007ffb5e438000 	C:\WINDOWS\System32\PSAPI.DLL
0x00007ffb46960000 - 0x00007ffb46969000 	C:\WINDOWS\SYSTEM32\WSOCK32.dll
0x00007ffb483e0000 - 0x00007ffb48407000 	C:\WINDOWS\SYSTEM32\WINMM.dll
0x00007ffb5de30000 - 0x00007ffb5de9b000 	C:\WINDOWS\System32\WS2_32.dll
0x00007ffb5ad60000 - 0x00007ffb5ad72000 	C:\WINDOWS\SYSTEM32\kernel.appcore.dll
0x00007ffb372e0000 - 0x00007ffb372ea000 	C:\Program Files\Java\jdk-18.0.2.1\bin\jimage.dll
0x00007ffb5aa60000 - 0x00007ffb5ac44000 	C:\WINDOWS\SYSTEM32\DBGHELP.DLL
0x00007ffb44e30000 - 0x00007ffb44e65000 	C:\WINDOWS\SYSTEM32\dbgcore.DLL
0x00007ffb5ccb0000 - 0x00007ffb5cd32000 	C:\WINDOWS\System32\bcryptPrimitives.dll
0x00007ffb2d940000 - 0x00007ffb2d965000 	C:\Program Files\Java\jdk-18.0.2.1\bin\java.dll
0x00007ffadcbc0000 - 0x00007ffadcc96000 	C:\Program Files\Java\jdk-18.0.2.1\bin\jsvml.dll
0x00007ffb5d580000 - 0x00007ffb5dcc5000 	C:\WINDOWS\System32\SHELL32.dll
0x00007ffb5a2c0000 - 0x00007ffb5aa52000 	C:\WINDOWS\SYSTEM32\windows.storage.dll
0x00007ffb5e780000 - 0x00007ffb5ead5000 	C:\WINDOWS\System32\combase.dll
0x00007ffb5bf70000 - 0x00007ffb5bfa0000 	C:\WINDOWS\SYSTEM32\Wldp.dll
0x00007ffb5eb10000 - 0x00007ffb5ebbd000 	C:\WINDOWS\System32\SHCORE.dll
0x00007ffb5e1b0000 - 0x00007ffb5e205000 	C:\WINDOWS\System32\shlwapi.dll
0x00007ffb5c450000 - 0x00007ffb5c46f000 	C:\WINDOWS\SYSTEM32\profapi.dll
0x00007ffb2f4c0000 - 0x00007ffb2f4d3000 	C:\Program Files\Java\jdk-18.0.2.1\bin\net.dll
0x00007ffb526b0000 - 0x00007ffb527ba000 	C:\WINDOWS\SYSTEM32\WINHTTP.dll
0x00007ffb5bcd0000 - 0x00007ffb5bd3a000 	C:\WINDOWS\system32\mswsock.dll
0x00007ffb2d920000 - 0x00007ffb2d936000 	C:\Program Files\Java\jdk-18.0.2.1\bin\nio.dll
0x00007ffb2c840000 - 0x00007ffb2c858000 	C:\Program Files\Java\jdk-18.0.2.1\bin\zip.dll
0x00007ffadcd10000 - 0x00007ffadce9f000 	C:\Program Files\Java\jdk-18.0.2.1\bin\awt.dll
0x00007ffb5ce60000 - 0x00007ffb5cf2d000 	C:\WINDOWS\System32\OLEAUT32.dll
0x00007ffb597d0000 - 0x00007ffb59860000 	C:\WINDOWS\SYSTEM32\apphelp.dll
0x00007ffb59d30000 - 0x00007ffb59d5f000 	C:\WINDOWS\system32\DWMAPI.DLL
0x00007ffb59b50000 - 0x00007ffb59bee000 	C:\WINDOWS\system32\uxtheme.dll
0x00007ffb44fc0000 - 0x00007ffb450e5000 	C:\WINDOWS\system32\opengl32.dll
0x00007ffb44a60000 - 0x00007ffb44a8c000 	C:\WINDOWS\SYSTEM32\GLU32.dll
0x00007ffb5cfe0000 - 0x00007ffb5d0f4000 	C:\WINDOWS\System32\MSCTF.dll
0x00007ffb5e290000 - 0x00007ffb5e3ba000 	C:\WINDOWS\System32\ole32.dll
0x00007ffb56390000 - 0x00007ffb563bd000 	C:\Program Files\Java\jdk-18.0.2.1\bin\javajpeg.dll
0x00007ffadfc00000 - 0x00007ffadfc86000 	C:\Program Files\Java\jdk-18.0.2.1\bin\freetype.dll
0x00007ffadcb10000 - 0x00007ffadcbb8000 	C:\Program Files\Java\jdk-18.0.2.1\bin\fontmanager.dll
0x00007ffb4eda0000 - 0x00007ffb4ee99000 	C:\WINDOWS\SYSTEM32\textinputframework.dll
0x00007ffb58e00000 - 0x00007ffb5915e000 	C:\WINDOWS\System32\CoreUIComponents.dll
0x00007ffb594e0000 - 0x00007ffb595d2000 	C:\WINDOWS\System32\CoreMessaging.dll
0x00007ffb5b6c0000 - 0x00007ffb5b6f3000 	C:\WINDOWS\SYSTEM32\ntmarta.dll
0x00007ffb57c90000 - 0x00007ffb57de4000 	C:\WINDOWS\SYSTEM32\wintypes.dll
0x00007ffb54e40000 - 0x00007ffb54eec000 	C:\WINDOWS\SYSTEM32\TextShaping.dll

dbghelp: loaded successfully - version: 4.0.5 - missing functions: none
symbol engine: initialized successfully - sym options: 0x614 - pdb path: .;C:\Program Files\Java\jdk-18.0.2.1\bin;C:\WINDOWS\SYSTEM32;C:\WINDOWS\WinSxS\amd64_microsoft.windows.common-controls_6595b64144ccf1df_6.0.19041.1110_none_60b5254171f9507e;C:\Program Files\Java\jdk-18.0.2.1\bin\server

VM Arguments:
jvm_args: -Dfile.encoding=UTF-8 --module-path=F:\Java Projects\Travel Management System\build\classes 
java_command: travel.management.system.ViewCustomer
java_class_path (initial): C:\Users\dell\Downloads\mysql-connector-java-8.0.28.jar;F:\Java Projects\Travel Management System\build\classes
Launcher Type: SUN_STANDARD

[Global flags]
     intx CICompilerCount                          = 3                                         {product} {ergonomic}
     uint ConcGCThreads                            = 1                                         {product} {ergonomic}
     uint G1ConcRefinementThreads                  = 4                                         {product} {ergonomic}
   size_t G1HeapRegionSize                         = 1048576                                   {product} {ergonomic}
    uintx GCDrainStackTargetSize                   = 64                                        {product} {ergonomic}
   size_t InitialHeapSize                          = 65011712                                  {product} {ergonomic}
   size_t MarkStackSize                            = 4194304                                   {product} {ergonomic}
   size_t MaxHeapSize                              = 1040187392                                {product} {ergonomic}
   size_t MaxNewSize                               = 623902720                                 {product} {ergonomic}
   size_t MinHeapDeltaBytes                        = 1048576                                   {product} {ergonomic}
   size_t MinHeapSize                              = 8388608                                   {product} {ergonomic}
    uintx NonNMethodCodeHeapSize                   = 5832780                                {pd product} {ergonomic}
    uintx NonProfiledCodeHeapSize                  = 122912730                              {pd product} {ergonomic}
    uintx ProfiledCodeHeapSize                     = 122912730                              {pd product} {ergonomic}
    uintx ReservedCodeCacheSize                    = 251658240                              {pd product} {ergonomic}
     bool SegmentedCodeCache                       = true                                      {product} {ergonomic}
   size_t SoftMaxHeapSize                          = 1040187392                             {manageable} {ergonomic}
     bool UseCompressedClassPointers               = true                           {product lp64_product} {ergonomic}
     bool UseCompressedOops                        = true                           {product lp64_product} {ergonomic}
     bool UseG1GC                                  = true                                      {product} {ergonomic}
     bool UseLargePagesIndividualAllocation        = false                                  {pd product} {ergonomic}

Logging:
Log output configuration:
 #0: stdout all=warning uptime,level,tags foldmultilines=false
 #1: stderr all=off uptime,level,tags foldmultilines=false

Environment Variables:
PATH=C:\Python311\Scripts\;C:\Python311\;C:\Program Files\Java\jdk-18.0.2.1\bin;C:\Program Files\Common Files\Oracle\Java\javapath;C:\Program Files\MongoDB\Server\6.0\bin;C:\mongosh\mongosh-1.8.0-win32-x64\bin;C:\MinGW\bin;C:\WINDOWS\system32;C:\WINDOWS;C:\WINDOWS\System32\Wbem;C:\WINDOWS\System32\WindowsPowerShell\v1.0\;C:\WINDOWS\System32\OpenSSH\;C:\ProgramData\chocolatey\bin;C:\Program Files\nodejs\;C:\Program Files\Git\cmd;C:\Program Files\MySQL\MySQL Shell 8.0\bin\;C:\Users\dell\AppData\Local\Microsoft\WindowsApps;C:\Program Files\JetBrains\IntelliJ IDEA 2022.2.3\bin;;C:\Users\dell\AppData\Local\Programs\Microsoft VS Code\bin;C:\Users\dell\AppData\Roaming\npm;C:\Program Files\MongoDB\Server\6.0\bin;C:\Program Files\heroku\bin
USERNAME=dell
OS=Windows_NT
PROCESSOR_IDENTIFIER=Intel64 Family 6 Model 142 Stepping 9, GenuineIntel



---------------  S Y S T E M  ---------------

OS:
 Windows 10 , 64 bit Build 19041 (10.0.19041.2546)
OS uptime: 2 days 9:23 hours

CPU: total 4 (initial active 4) (2 cores per cpu, 2 threads per core) family 6 model 142 stepping 9 microcode 0xf0, cx8, cmov, fxsr, ht, mmx, 3dnowpref, sse, sse2, sse3, ssse3, sse4.1, sse4.2, popcnt, lzcnt, tsc, tscinvbit, avx, avx2, aes, erms, clmul, bmi1, bmi2, adx, fma, vzeroupper, clflush, clflushopt

Memory: 4k page, system-wide physical 3961M (222M free)
TotalPageFile size 16249M (AvailPageFile size 60M)
current process WorkingSet (physical memory assigned to process): 13M, peak: 70M
current process commit charge ("private bytes"): 146M, peak: 147M

vm_info: Java HotSpot(TM) 64-Bit Server VM (18.0.2.1+1-1) for windows-amd64 JRE (18.0.2.1+1-1), built on Aug 16 2022 01:46:33 by "mach5one" with MS VC++ 16.8 / 16.9 (VS2019)

END.
