#
# There is insufficient memory for the Java Runtime Environment to continue.
# Native memory allocation (malloc) failed to allocate 32744 bytes for Chunk::new
# Possible reasons:
#   The system is out of physical RAM or swap space
#   The process is running with CompressedOops enabled, and the Java Heap may be blocking the growth of the native heap
# Possible solutions:
#   Reduce memory load on the system
#   Increase physical memory or swap space
#   Check if swap backing store is full
#   Decrease Java heap size (-Xmx/-Xms)
#   Decrease number of Java threads
#   Decrease Java thread stack sizes (-Xss)
#   Set larger code cache with -XX:ReservedCodeCacheSize=
#   JVM is running with Unscaled Compressed Oops mode in which the Java heap is
#     placed in the first 4GB address space. The Java Heap base address is the
#     maximum limit for the native heap growth. Please use -XX:HeapBaseMinAddress
#     to set the Java Heap base and to place the Java Heap above 4GB virtual address.
# This output file may be truncated or incomplete.
#
#  Out of Memory Error (arena.cpp:184), pid=19988, tid=20348
#
# JRE version: Java(TM) SE Runtime Environment (18.0.2.1+1) (build 18.0.2.1+1-1)
# Java VM: Java HotSpot(TM) 64-Bit Server VM (18.0.2.1+1-1, mixed mode, sharing, tiered, compressed oops, compressed class ptrs, g1 gc, windows-amd64)
# No core dump will be written. Minidumps are not enabled by default on client versions of Windows
#

---------------  S U M M A R Y ------------

Command Line: -Dfile.encoding=UTF-8 --module-path=F:\Java Projects\Travel Management System\build\classes travel.management.system.Payment

Host: Intel(R) Core(TM) i5-7200U CPU @ 2.50GHz, 4 cores, 3G,  Windows 10 , 64 bit Build 19041 (10.0.19041.2546)
Time: Mon Apr  3 17:04:32 2023 India Standard Time elapsed time: 52.974435 seconds (0d 0h 0m 52s)

---------------  T H R E A D  ---------------

Current thread (0x00000188fab63b50):  JavaThread "C2 CompilerThread0" daemon [_thread_in_native, id=20348, stack(0x000000087d200000,0x000000087d300000)]


Current CompileTask:
C2:  52974  971       4       java.util.Arrays::binarySearch0 (95 bytes)

Stack: [0x000000087d200000,0x000000087d300000]
Native frames: (J=compiled Java code, j=interpreted, Vv=VM code, C=native code)
V  [jvm.dll+0x6993aa]
V  [jvm.dll+0x7f46dd]
V  [jvm.dll+0x7f5fee]
V  [jvm.dll+0x7f66a3]
V  [jvm.dll+0x25cf1f]
V  [jvm.dll+0xb8c2f]
V  [jvm.dll+0xb8fa5]
V  [jvm.dll+0x6c2568]
V  [jvm.dll+0x1d2e24]
V  [jvm.dll+0x230259]
V  [jvm.dll+0x22f4d1]
V  [jvm.dll+0x1ba01c]
V  [jvm.dll+0x23ee0a]
V  [jvm.dll+0x23d0f5]
V  [jvm.dll+0x7a6dd1]
V  [jvm.dll+0x7a120a]
V  [jvm.dll+0x698255]
C  [ucrtbase.dll+0x21bb2]
C  [KERNEL32.DLL+0x17614]
C  [ntdll.dll+0x526a1]


---------------  P R O C E S S  ---------------

Threads class SMR info:
_java_thread_list=0x00000188ff37d7e0, length=16, elements={
0x00000188fab39550, 0x00000188fab3a860, 0x00000188fab54920, 0x00000188fab561e0,
0x00000188fab56a90, 0x00000188fab58280, 0x00000188fab63b50, 0x00000188fab67b40,
0x00000188fab7cc20, 0x00000188ff0105f0, 0x00000188ff182cf0, 0x00000188ff219820,
0x00000188ff252c60, 0x00000188ff253120, 0x00000188ff33f3a0, 0x00000188ee90f140
}

Java Threads: ( => current thread )
  0x00000188fab39550 JavaThread "Reference Handler" daemon [_thread_blocked, id=17116, stack(0x000000087cc00000,0x000000087cd00000)]
  0x00000188fab3a860 JavaThread "Finalizer" daemon [_thread_blocked, id=14172, stack(0x000000087cd00000,0x000000087ce00000)]
  0x00000188fab54920 JavaThread "Signal Dispatcher" daemon [_thread_blocked, id=6288, stack(0x000000087ce00000,0x000000087cf00000)]
  0x00000188fab561e0 JavaThread "Attach Listener" daemon [_thread_blocked, id=19728, stack(0x000000087cf00000,0x000000087d000000)]
  0x00000188fab56a90 JavaThread "Service Thread" daemon [_thread_blocked, id=18876, stack(0x000000087d000000,0x000000087d100000)]
  0x00000188fab58280 JavaThread "Monitor Deflation Thread" daemon [_thread_blocked, id=19620, stack(0x000000087d100000,0x000000087d200000)]
=>0x00000188fab63b50 JavaThread "C2 CompilerThread0" daemon [_thread_in_native, id=20348, stack(0x000000087d200000,0x000000087d300000)]
  0x00000188fab67b40 JavaThread "C1 CompilerThread0" daemon [_thread_blocked, id=17652, stack(0x000000087d300000,0x000000087d400000)]
  0x00000188fab7cc20 JavaThread "Sweeper thread" daemon [_thread_blocked, id=20352, stack(0x000000087d400000,0x000000087d500000)]
  0x00000188ff0105f0 JavaThread "Common-Cleaner" daemon [_thread_blocked, id=19716, stack(0x000000087d500000,0x000000087d600000)]
  0x00000188ff182cf0 JavaThread "Notification Thread" daemon [_thread_blocked, id=4032, stack(0x000000087d600000,0x000000087d700000)]
  0x00000188ff219820 JavaThread "Java2D Disposer" daemon [_thread_blocked, id=19732, stack(0x000000087d800000,0x000000087d900000)]
  0x00000188ff252c60 JavaThread "AWT-Shutdown" [_thread_blocked, id=8044, stack(0x000000087d900000,0x000000087da00000)]
  0x00000188ff253120 JavaThread "AWT-Windows" daemon [_thread_in_native, id=20356, stack(0x000000087da00000,0x000000087db00000)]
  0x00000188ff33f3a0 JavaThread "AWT-EventQueue-0" [_thread_blocked, id=18712, stack(0x000000087dc00000,0x000000087dd00000)]
  0x00000188ee90f140 JavaThread "DestroyJavaVM" [_thread_blocked, id=8152, stack(0x000000087c500000,0x000000087c600000)]

Other Threads:
  0x00000188ee961fe0 VMThread "VM Thread" [stack: 0x000000087cb00000,0x000000087cc00000] [id=19340]
  0x00000188ff1831b0 WatcherThread "VM Periodic Task Thread" [stack: 0x000000087d700000,0x000000087d800000] [id=19808]
  0x00000188ee94e840 WorkerThread "GC Thread#0" [stack: 0x000000087c600000,0x000000087c700000] [id=19852]
  0x00000188ee959390 ConcurrentGCThread "G1 Main Marker" [stack: 0x000000087c700000,0x000000087c800000] [id=6708]
  0x00000188ee959d80 WorkerThread "G1 Conc#0" [stack: 0x000000087c800000,0x000000087c900000] [id=19744]
  0x00000188ee9841e0 ConcurrentGCThread "G1 Refine#0" [stack: 0x000000087c900000,0x000000087ca00000] [id=18568]
  0x00000188ee985e10 ConcurrentGCThread "G1 Service" [stack: 0x000000087ca00000,0x000000087cb00000] [id=19800]

Threads with active compile tasks:
C2 CompilerThread0    53044  971       4       java.util.Arrays::binarySearch0 (95 bytes)

VM state: not at safepoint (normal execution)

VM Mutex/Monitor currently owned by a thread: None

Heap address: 0x00000000c2000000, size: 992 MB, Compressed Oops mode: 32-bit

CDS archive(s) mapped at: [0x0000000800000000-0x0000000800ba0000-0x0000000800ba0000), size 12189696, SharedBaseAddress: 0x0000000800000000, ArchiveRelocationMode: 0.
Compressed class space mapped at: 0x0000000800c00000-0x0000000840c00000, reserved size: 1073741824
Narrow klass base: 0x0000000800000000, Narrow klass shift: 0, Narrow klass range: 0x100000000

GC Precious Log:
 CardTable entry size: 512
 Card Set container configuration: InlinePtr #cards 5 size 8 Array Of Cards #cards 12 size 40 Howl #buckets 4 coarsen threshold 1843 Howl Bitmap #cards 512 size 80 coarsen threshold 460 Card regions per heap region 1 cards per card region 2048
 CPUs: 4 total, 4 available
 Memory: 3961M
 Large Page Support: Disabled
 NUMA Support: Disabled
 Compressed Oops: Enabled (32-bit)
 Heap Region Size: 1M
 Heap Min Capacity: 8M
 Heap Initial Capacity: 62M
 Heap Max Capacity: 992M
 Pre-touch: Disabled
 Parallel Workers: 4
 Concurrent Workers: 1
 Concurrent Refinement Workers: 4
 Periodic GC: Disabled

Heap:
 garbage-first heap   total 63488K, used 17408K [0x00000000c2000000, 0x0000000100000000)
  region size 1024K, 11 young (11264K), 0 survivors (0K)
 Metaspace       used 6916K, committed 7104K, reserved 1114112K
  class space    used 737K, committed 832K, reserved 1048576K

Heap Regions: E=young(eden), S=young(survivor), O=old, HS=humongous(starts), HC=humongous(continues), CS=collection set, F=free, OA=open archive, CA=closed archive, TAMS=top-at-mark-start (previous, next)
|   0|0x00000000c2000000, 0x00000000c2100000, 0x00000000c2100000|100%|HS|  |TAMS 0x00000000c2000000, 0x00000000c2000000| Complete 
|   1|0x00000000c2100000, 0x00000000c2200000, 0x00000000c2200000|100%|HC|  |TAMS 0x00000000c2100000, 0x00000000c2100000| Complete 
|   2|0x00000000c2200000, 0x00000000c2300000, 0x00000000c2300000|100%|HC|  |TAMS 0x00000000c2200000, 0x00000000c2200000| Complete 
|   3|0x00000000c2300000, 0x00000000c2400000, 0x00000000c2400000|100%|HS|  |TAMS 0x00000000c2300000, 0x00000000c2300000| Complete 
|   4|0x00000000c2400000, 0x00000000c2500000, 0x00000000c2500000|100%|HS|  |TAMS 0x00000000c2400000, 0x00000000c2400000| Complete 
|   5|0x00000000c2500000, 0x00000000c2600000, 0x00000000c2600000|100%|HC|  |TAMS 0x00000000c2500000, 0x00000000c2500000| Complete 
|   6|0x00000000c2600000, 0x00000000c2700000, 0x00000000c2700000|100%|HC|  |TAMS 0x00000000c2600000, 0x00000000c2600000| Complete 
|   7|0x00000000c2700000, 0x00000000c2700000, 0x00000000c2800000|  0%| F|  |TAMS 0x00000000c2700000, 0x00000000c2700000| Untracked 
|   8|0x00000000c2800000, 0x00000000c2800000, 0x00000000c2900000|  0%| F|  |TAMS 0x00000000c2800000, 0x00000000c2800000| Untracked 
|   9|0x00000000c2900000, 0x00000000c2900000, 0x00000000c2a00000|  0%| F|  |TAMS 0x00000000c2900000, 0x00000000c2900000| Untracked 
|  10|0x00000000c2a00000, 0x00000000c2a00000, 0x00000000c2b00000|  0%| F|  |TAMS 0x00000000c2a00000, 0x00000000c2a00000| Untracked 
|  11|0x00000000c2b00000, 0x00000000c2b00000, 0x00000000c2c00000|  0%| F|  |TAMS 0x00000000c2b00000, 0x00000000c2b00000| Untracked 
|  12|0x00000000c2c00000, 0x00000000c2c00000, 0x00000000c2d00000|  0%| F|  |TAMS 0x00000000c2c00000, 0x00000000c2c00000| Untracked 
|  13|0x00000000c2d00000, 0x00000000c2d00000, 0x00000000c2e00000|  0%| F|  |TAMS 0x00000000c2d00000, 0x00000000c2d00000| Untracked 
|  14|0x00000000c2e00000, 0x00000000c2e00000, 0x00000000c2f00000|  0%| F|  |TAMS 0x00000000c2e00000, 0x00000000c2e00000| Untracked 
|  15|0x00000000c2f00000, 0x00000000c2f00000, 0x00000000c3000000|  0%| F|  |TAMS 0x00000000c2f00000, 0x00000000c2f00000| Untracked 
|  16|0x00000000c3000000, 0x00000000c3000000, 0x00000000c3100000|  0%| F|  |TAMS 0x00000000c3000000, 0x00000000c3000000| Untracked 
|  17|0x00000000c3100000, 0x00000000c3100000, 0x00000000c3200000|  0%| F|  |TAMS 0x00000000c3100000, 0x00000000c3100000| Untracked 
|  18|0x00000000c3200000, 0x00000000c3200000, 0x00000000c3300000|  0%| F|  |TAMS 0x00000000c3200000, 0x00000000c3200000| Untracked 
|  19|0x00000000c3300000, 0x00000000c3300000, 0x00000000c3400000|  0%| F|  |TAMS 0x00000000c3300000, 0x00000000c3300000| Untracked 
|  20|0x00000000c3400000, 0x00000000c3400000, 0x00000000c3500000|  0%| F|  |TAMS 0x00000000c3400000, 0x00000000c3400000| Untracked 
|  21|0x00000000c3500000, 0x00000000c3500000, 0x00000000c3600000|  0%| F|  |TAMS 0x00000000c3500000, 0x00000000c3500000| Untracked 
|  22|0x00000000c3600000, 0x00000000c3600000, 0x00000000c3700000|  0%| F|  |TAMS 0x00000000c3600000, 0x00000000c3600000| Untracked 
|  23|0x00000000c3700000, 0x00000000c3700000, 0x00000000c3800000|  0%| F|  |TAMS 0x00000000c3700000, 0x00000000c3700000| Untracked 
|  24|0x00000000c3800000, 0x00000000c3800000, 0x00000000c3900000|  0%| F|  |TAMS 0x00000000c3800000, 0x00000000c3800000| Untracked 
|  25|0x00000000c3900000, 0x00000000c3900000, 0x00000000c3a00000|  0%| F|  |TAMS 0x00000000c3900000, 0x00000000c3900000| Untracked 
|  26|0x00000000c3a00000, 0x00000000c3a00000, 0x00000000c3b00000|  0%| F|  |TAMS 0x00000000c3a00000, 0x00000000c3a00000| Untracked 
|  27|0x00000000c3b00000, 0x00000000c3b00000, 0x00000000c3c00000|  0%| F|  |TAMS 0x00000000c3b00000, 0x00000000c3b00000| Untracked 
|  28|0x00000000c3c00000, 0x00000000c3c00000, 0x00000000c3d00000|  0%| F|  |TAMS 0x00000000c3c00000, 0x00000000c3c00000| Untracked 
|  29|0x00000000c3d00000, 0x00000000c3d00000, 0x00000000c3e00000|  0%| F|  |TAMS 0x00000000c3d00000, 0x00000000c3d00000| Untracked 
|  30|0x00000000c3e00000, 0x00000000c3e00000, 0x00000000c3f00000|  0%| F|  |TAMS 0x00000000c3e00000, 0x00000000c3e00000| Untracked 
|  31|0x00000000c3f00000, 0x00000000c3f00000, 0x00000000c4000000|  0%| F|  |TAMS 0x00000000c3f00000, 0x00000000c3f00000| Untracked 
|  32|0x00000000c4000000, 0x00000000c4000000, 0x00000000c4100000|  0%| F|  |TAMS 0x00000000c4000000, 0x00000000c4000000| Untracked 
|  33|0x00000000c4100000, 0x00000000c4100000, 0x00000000c4200000|  0%| F|  |TAMS 0x00000000c4100000, 0x00000000c4100000| Untracked 
|  34|0x00000000c4200000, 0x00000000c4200000, 0x00000000c4300000|  0%| F|  |TAMS 0x00000000c4200000, 0x00000000c4200000| Untracked 
|  35|0x00000000c4300000, 0x00000000c4300000, 0x00000000c4400000|  0%| F|  |TAMS 0x00000000c4300000, 0x00000000c4300000| Untracked 
|  36|0x00000000c4400000, 0x00000000c4400000, 0x00000000c4500000|  0%| F|  |TAMS 0x00000000c4400000, 0x00000000c4400000| Untracked 
|  37|0x00000000c4500000, 0x00000000c4500000, 0x00000000c4600000|  0%| F|  |TAMS 0x00000000c4500000, 0x00000000c4500000| Untracked 
|  38|0x00000000c4600000, 0x00000000c4600000, 0x00000000c4700000|  0%| F|  |TAMS 0x00000000c4600000, 0x00000000c4600000| Untracked 
|  39|0x00000000c4700000, 0x00000000c4700000, 0x00000000c4800000|  0%| F|  |TAMS 0x00000000c4700000, 0x00000000c4700000| Untracked 
|  40|0x00000000c4800000, 0x00000000c4800000, 0x00000000c4900000|  0%| F|  |TAMS 0x00000000c4800000, 0x00000000c4800000| Untracked 
|  41|0x00000000c4900000, 0x00000000c4900000, 0x00000000c4a00000|  0%| F|  |TAMS 0x00000000c4900000, 0x00000000c4900000| Untracked 
|  42|0x00000000c4a00000, 0x00000000c4a00000, 0x00000000c4b00000|  0%| F|  |TAMS 0x00000000c4a00000, 0x00000000c4a00000| Untracked 
|  43|0x00000000c4b00000, 0x00000000c4b00000, 0x00000000c4c00000|  0%| F|  |TAMS 0x00000000c4b00000, 0x00000000c4b00000| Untracked 
|  44|0x00000000c4c00000, 0x00000000c4c00000, 0x00000000c4d00000|  0%| F|  |TAMS 0x00000000c4c00000, 0x00000000c4c00000| Untracked 
|  45|0x00000000c4d00000, 0x00000000c4d00000, 0x00000000c4e00000|  0%| F|  |TAMS 0x00000000c4d00000, 0x00000000c4d00000| Untracked 
|  46|0x00000000c4e00000, 0x00000000c4e00000, 0x00000000c4f00000|  0%| F|  |TAMS 0x00000000c4e00000, 0x00000000c4e00000| Untracked 
|  47|0x00000000c4f00000, 0x00000000c4f00000, 0x00000000c5000000|  0%| F|  |TAMS 0x00000000c4f00000, 0x00000000c4f00000| Untracked 
|  48|0x00000000c5000000, 0x00000000c5000000, 0x00000000c5100000|  0%| F|  |TAMS 0x00000000c5000000, 0x00000000c5000000| Untracked 
|  49|0x00000000c5100000, 0x00000000c5100000, 0x00000000c5200000|  0%| F|  |TAMS 0x00000000c5100000, 0x00000000c5100000| Untracked 
|  50|0x00000000c5200000, 0x00000000c5200000, 0x00000000c5300000|  0%| F|  |TAMS 0x00000000c5200000, 0x00000000c5200000| Untracked 
|  51|0x00000000c5300000, 0x00000000c5400000, 0x00000000c5400000|100%| E|  |TAMS 0x00000000c5300000, 0x00000000c5300000| Complete 
|  52|0x00000000c5400000, 0x00000000c5500000, 0x00000000c5500000|100%| E|CS|TAMS 0x00000000c5400000, 0x00000000c5400000| Complete 
|  53|0x00000000c5500000, 0x00000000c5600000, 0x00000000c5600000|100%| E|CS|TAMS 0x00000000c5500000, 0x00000000c5500000| Complete 
|  54|0x00000000c5600000, 0x00000000c5700000, 0x00000000c5700000|100%| E|CS|TAMS 0x00000000c5600000, 0x00000000c5600000| Complete 
|  55|0x00000000c5700000, 0x00000000c5800000, 0x00000000c5800000|100%| E|CS|TAMS 0x00000000c5700000, 0x00000000c5700000| Complete 
|  56|0x00000000c5800000, 0x00000000c5900000, 0x00000000c5900000|100%| E|CS|TAMS 0x00000000c5800000, 0x00000000c5800000| Complete 
|  57|0x00000000c5900000, 0x00000000c5a00000, 0x00000000c5a00000|100%| E|CS|TAMS 0x00000000c5900000, 0x00000000c5900000| Complete 
|  58|0x00000000c5a00000, 0x00000000c5b00000, 0x00000000c5b00000|100%| E|CS|TAMS 0x00000000c5a00000, 0x00000000c5a00000| Complete 
|  59|0x00000000c5b00000, 0x00000000c5c00000, 0x00000000c5c00000|100%| E|CS|TAMS 0x00000000c5b00000, 0x00000000c5b00000| Complete 
|  60|0x00000000c5c00000, 0x00000000c5d00000, 0x00000000c5d00000|100%| E|CS|TAMS 0x00000000c5c00000, 0x00000000c5c00000| Complete 
|  61|0x00000000c5d00000, 0x00000000c5e00000, 0x00000000c5e00000|100%| E|CS|TAMS 0x00000000c5d00000, 0x00000000c5d00000| Complete 

Card table byte_map: [0x00000188f6440000,0x00000188f6630000] _byte_map_base: 0x00000188f5e30000

Marking Bits (Prev, Next): (CMBitMap*) 0x00000188ee950e60, (CMBitMap*) 0x00000188ee950ea0
 Prev Bits: [0x00000188f6820000, 0x00000188f77a0000)
 Next Bits: [0x00000188f77a0000, 0x00000188f8720000)

Polling page: 0x00000188ec8f0000

Metaspace:

Usage:
  Non-class:      6.03 MB used.
      Class:    737.29 KB used.
       Both:      6.75 MB used.

Virtual space:
  Non-class space:       64.00 MB reserved,       6.12 MB ( 10%) committed,  1 nodes.
      Class space:        1.00 GB reserved,     832.00 KB ( <1%) committed,  1 nodes.
             Both:        1.06 GB reserved,       6.94 MB ( <1%) committed. 

Chunk freelists:
   Non-Class:  1.00 MB
       Class:  3.24 MB
        Both:  4.24 MB

MaxMetaspaceSize: unlimited
CompressedClassSpaceSize: 1.00 GB
Initial GC threshold: 21.00 MB
Current GC threshold: 21.00 MB
CDS: on
MetaspaceReclaimPolicy: balanced
 - commit_granule_bytes: 65536.
 - commit_granule_words: 8192.
 - virtual_space_node_default_size: 8388608.
 - enlarge_chunks_in_place: 1.
 - new_chunks_are_fully_committed: 0.
 - uncommit_free_chunks: 1.
 - use_allocation_guard: 0.


Internal statistics:

num_allocs_failed_limit: 0.
num_arena_births: 126.
num_arena_deaths: 0.
num_vsnodes_births: 2.
num_vsnodes_deaths: 0.
num_space_committed: 111.
num_space_uncommitted: 0.
num_chunks_returned_to_freelist: 0.
num_chunks_taken_from_freelist: 181.
num_chunk_merges: 0.
num_chunk_splits: 94.
num_chunks_enlarged: 22.
num_inconsistent_stats: 0.

CodeHeap 'non-profiled nmethods': size=120000Kb used=263Kb max_used=263Kb free=119736Kb
 bounds [0x0000018887ad0000, 0x0000018887d40000, 0x000001888f000000]
CodeHeap 'profiled nmethods': size=120000Kb used=1525Kb max_used=1525Kb free=118474Kb
 bounds [0x00000188805a0000, 0x0000018880810000, 0x0000018887ad0000]
CodeHeap 'non-nmethods': size=5760Kb used=1270Kb max_used=1285Kb free=4489Kb
 bounds [0x0000018880000000, 0x0000018880270000, 0x00000188805a0000]
 total_blobs=1552 nmethods=970 adapters=495
 compilation: enabled
              stopped_count=0, restarted_count=0
 full_count=0

Compilation events (20 events):
Event: 3.230 Thread 0x00000188fab67b40 nmethod 959 0x0000018880719110 code [0x0000018880719360, 0x0000018880719b78]
Event: 3.252 Thread 0x00000188fab67b40  960   !   3       sun.awt.AWTAutoShutdown::getPeer (43 bytes)
Event: 3.253 Thread 0x00000188fab67b40 nmethod 960 0x0000018880719f90 code [0x000001888071a140, 0x000001888071a4e8]
Event: 3.253 Thread 0x00000188fab67b40  961       3       java.lang.Thread::interrupted (23 bytes)
Event: 3.253 Thread 0x00000188fab67b40 nmethod 961 0x000001888071a710 code [0x000001888071a8c0, 0x000001888071aa48]
Event: 3.260 Thread 0x00000188fab67b40  963   !   3       java.awt.Container::findComponentAt (42 bytes)
Event: 3.260 Thread 0x00000188fab67b40 nmethod 963 0x000001888071ab10 code [0x000001888071ace0, 0x000001888071b118]
Event: 3.260 Thread 0x00000188fab67b40  965       3       sun.awt.windows.WObjectPeer::getPeerForTarget (10 bytes)
Event: 3.261 Thread 0x00000188fab67b40 nmethod 965 0x000001888071b290 code [0x000001888071b4e0, 0x000001888071bea8]
Event: 3.261 Thread 0x00000188fab67b40  966       3       java.awt.event.MouseEvent::getModifiersEx (29 bytes)
Event: 3.261 Thread 0x00000188fab67b40 nmethod 966 0x000001888071c210 code [0x000001888071c3e0, 0x000001888071c7f8]
Event: 3.276 Thread 0x00000188fab67b40  967       3       jdk.internal.misc.Unsafe::putReferenceOpaque (9 bytes)
Event: 3.276 Thread 0x00000188fab67b40 nmethod 967 0x000001888071c990 code [0x000001888071cb20, 0x000001888071cc78]
Event: 3.278 Thread 0x00000188fab67b40  968       3       java.util.HashSet::remove (20 bytes)
Event: 3.279 Thread 0x00000188fab67b40 nmethod 968 0x000001888071cd10 code [0x000001888071cec0, 0x000001888071d0e8]
Event: 3.318 Thread 0x00000188fab63b50  969       4       jdk.internal.logger.SurrogateLogger::defaultPlatformLevel (4 bytes)
Event: 3.319 Thread 0x00000188fab63b50 nmethod 969 0x0000018887b11990 code [0x0000018887b11b00, 0x0000018887b11b78]
Event: 4.420 Thread 0x00000188fab67b40  970       3       sun.util.locale.BaseLocale$Key::getBaseLocale (25 bytes)
Event: 4.420 Thread 0x00000188fab67b40 nmethod 970 0x000001888071d190 code [0x000001888071d340, 0x000001888071d688]
Event: 52.962 Thread 0x00000188fab63b50  971       4       java.util.Arrays::binarySearch0 (95 bytes)

GC Heap History (0 events):
No events

Deoptimization events (12 events):
Event: 0.301 Thread 0x00000188ee90f140 Uncommon trap: trap_request=0xffffff45 fr.pc=0x0000018887adf158 relative=0x00000000000009b8
Event: 0.301 Thread 0x00000188ee90f140 Uncommon trap: reason=unstable_if action=reinterpret pc=0x0000018887adf158 method=java.util.HashMap.putVal(ILjava/lang/Object;Ljava/lang/Object;ZZ)Ljava/lang/Object; @ 236 c2
Event: 0.301 Thread 0x00000188ee90f140 DEOPT PACKING pc=0x0000018887adf158 sp=0x000000087c5fdb20
Event: 0.301 Thread 0x00000188ee90f140 DEOPT UNPACKING pc=0x00000188800523a3 sp=0x000000087c5fdad8 mode 2
Event: 0.480 Thread 0x00000188ff310130 Uncommon trap: trap_request=0xffffff45 fr.pc=0x0000018887afb61c relative=0x00000000000003fc
Event: 0.480 Thread 0x00000188ff310130 Uncommon trap: reason=unstable_if action=reinterpret pc=0x0000018887afb61c method=java.lang.StringLatin1.newString([BII)Ljava/lang/String; @ 1 c2
Event: 0.481 Thread 0x00000188ff310130 DEOPT PACKING pc=0x0000018887afb61c sp=0x000000087dbfeb70
Event: 0.481 Thread 0x00000188ff310130 DEOPT UNPACKING pc=0x00000188800523a3 sp=0x000000087dbfeb38 mode 2
Event: 0.747 Thread 0x00000188ee90f140 Uncommon trap: trap_request=0xffffff45 fr.pc=0x0000018887afa5a4 relative=0x0000000000000224
Event: 0.747 Thread 0x00000188ee90f140 Uncommon trap: reason=unstable_if action=reinterpret pc=0x0000018887afa5a4 method=java.lang.StringUTF16.compress([CI[BII)I @ 20 c2
Event: 0.747 Thread 0x00000188ee90f140 DEOPT PACKING pc=0x0000018887afa5a4 sp=0x000000087c5fd7e0
Event: 0.747 Thread 0x00000188ee90f140 DEOPT UNPACKING pc=0x00000188800523a3 sp=0x000000087c5fd760 mode 2

Classes loaded (20 events):
Event: 0.861 Loading class java/util/concurrent/locks/AbstractQueuedSynchronizer$ConditionNode
Event: 0.861 Loading class java/util/concurrent/ForkJoinPool$ManagedBlocker
Event: 0.861 Loading class java/util/concurrent/ForkJoinPool$ManagedBlocker done
Event: 0.861 Loading class java/util/concurrent/locks/AbstractQueuedSynchronizer$Node
Event: 0.861 Loading class java/util/concurrent/locks/AbstractQueuedSynchronizer$Node done
Event: 0.862 Loading class java/util/concurrent/locks/AbstractQueuedSynchronizer$ConditionNode done
Event: 1.629 Loading class java/util/concurrent/locks/AbstractQueuedSynchronizer$ExclusiveNode
Event: 1.630 Loading class java/util/concurrent/locks/AbstractQueuedSynchronizer$ExclusiveNode done
Event: 3.350 Loading class java/awt/LightweightDispatcher$2
Event: 3.350 Loading class java/awt/LightweightDispatcher$2 done
Event: 4.412 Loading class java/awt/KeyboardFocusManager$2
Event: 4.412 Loading class java/awt/KeyboardFocusManager$2 done
Event: 4.412 Loading class sun/awt/SunToolkit$1
Event: 4.412 Loading class sun/awt/SunToolkit$1 done
Event: 52.949 Loading class java/util/WeakHashMap$KeyIterator
Event: 52.950 Loading class java/util/WeakHashMap$HashIterator
Event: 52.950 Loading class java/util/WeakHashMap$HashIterator done
Event: 52.950 Loading class java/util/WeakHashMap$KeyIterator done
Event: 52.950 Loading class javax/swing/RepaintManager$DisplayChangedRunnable
Event: 52.950 Loading class javax/swing/RepaintManager$DisplayChangedRunnable done

Classes unloaded (0 events):
No events

Classes redefined (0 events):
No events

Internal exceptions (17 events):
Event: 0.088 Thread 0x00000188ee90f140 Exception <a 'sun/nio/fs/WindowsException'{0x00000000c5c3a040}> (0x00000000c5c3a040) 
thrown [s\open\src\hotspot\share\prims\jni.cpp, line 516]
Event: 0.089 Thread 0x00000188ee90f140 Exception <a 'sun/nio/fs/WindowsException'{0x00000000c5c3a530}> (0x00000000c5c3a530) 
thrown [s\open\src\hotspot\share\prims\jni.cpp, line 516]
Event: 0.091 Thread 0x00000188ee90f140 Exception <a 'sun/nio/fs/WindowsException'{0x00000000c5c3c658}> (0x00000000c5c3c658) 
thrown [s\open\src\hotspot\share\prims\jni.cpp, line 516]
Event: 0.092 Thread 0x00000188ee90f140 Exception <a 'sun/nio/fs/WindowsException'{0x00000000c5c3d048}> (0x00000000c5c3d048) 
thrown [s\open\src\hotspot\share\prims\jni.cpp, line 516]
Event: 0.156 Thread 0x00000188ee90f140 Exception <a 'java/lang/ClassNotFoundException'{0x00000000c5cfc020}: sun/awt/resources/spi/awtProvider> (0x00000000c5cfc020) 
thrown [s\open\src\hotspot\share\classfile\systemDictionary.cpp, line 255]
Event: 0.191 Thread 0x00000188ee90f140 Exception <a 'java/io/FileNotFoundException'{0x00000000c5b4ff20}> (0x00000000c5b4ff20) 
thrown [s\open\src\hotspot\share\prims\jni.cpp, line 516]
Event: 0.204 Thread 0x00000188ee90f140 Exception <a 'java/io/FileNotFoundException'{0x00000000c5b7cf18}> (0x00000000c5b7cf18) 
thrown [s\open\src\hotspot\share\prims\jni.cpp, line 516]
Event: 0.258 Thread 0x00000188ee90f140 Exception <a 'java/lang/NoSuchMethodError'{0x00000000c5bc1500}: 'java.lang.Object java.lang.invoke.DirectMethodHandle$Holder.invokeStaticInit(java.lang.Object)'> (0x00000000c5bc1500) 
thrown [s\open\src\hotspot\share\interpreter\linkResolver.cpp, line 759]
Event: 0.304 Thread 0x00000188ee90f140 Exception <a 'java/lang/NoSuchMethodError'{0x00000000c5a4e3d8}: 'void java.lang.invoke.DirectMethodHandle$Holder.invokeSpecial(java.lang.Object, java.lang.Object, java.lang.Object)'> (0x00000000c5a4e3d8) 
thrown [s\open\src\hotspot\share\interpreter\linkResolver.cpp, line 759]
Event: 0.317 Thread 0x00000188ee90f140 Exception <a 'java/lang/NoSuchMethodError'{0x00000000c5a794f0}: 'java.lang.Object java.lang.invoke.DirectMethodHandle$Holder.newInvokeSpecial(java.lang.Object, java.lang.Object, java.lang.Object, java.lang.Object, java.lang.Object)'> (0x00000000c5a794f0) 
thrown [s\open\src\hotspot\share\interpreter\linkResolver.cpp, line 759]
Event: 0.329 Thread 0x00000188ee90f140 Exception <a 'java/lang/NoSuchMethodError'{0x00000000c5aab270}: 'java.lang.Object java.lang.invoke.DirectMethodHandle$Holder.invokeStatic(java.lang.Object, int, java.lang.Object)'> (0x00000000c5aab270) 
thrown [s\open\src\hotspot\share\interpreter\linkResolver.cpp, line 759]
Event: 0.387 Thread 0x00000188ee90f140 Exception <a 'java/lang/ClassNotFoundException'{0x00000000c5968738}: com/sun/swing/internal/plaf/metal/resources/spi/metalProvider> (0x00000000c5968738) 
thrown [s\open\src\hotspot\share\classfile\systemDictionary.cpp, line 255]
Event: 0.389 Thread 0x00000188ee90f140 Exception <a 'java/lang/ClassNotFoundException'{0x00000000c596c770}: com/sun/swing/internal/plaf/basic/resources/spi/basicProvider> (0x00000000c596c770) 
thrown [s\open\src\hotspot\share\classfile\systemDictionary.cpp, line 255]
Event: 0.407 Thread 0x00000188ee90f140 Exception <a 'java/lang/NoSuchMethodError'{0x00000000c598cdf0}: 'int java.lang.invoke.Invokers$Holder.invokeExact_MT(java.lang.Object, java.lang.Object)'> (0x00000000c598cdf0) 
thrown [s\open\src\hotspot\share\interpreter\linkResolver.cpp, line 759]
Event: 0.610 Thread 0x00000188ff310130 Exception <a 'java/lang/NoSuchMethodError'{0x00000000c5743c68}: 'java.lang.Object java.lang.invoke.DirectMethodHandle$Holder.newInvokeSpecial(java.lang.Object, java.lang.Object, java.lang.Object, int, int, int, int, int)'> (0x00000000c5743c68) 
thrown [s\open\src\hotspot\share\interpreter\linkResolver.cpp, line 759]
Event: 0.708 Thread 0x00000188ff253120 Exception <a 'java/lang/NoSuchMethodError'{0x00000000c5a10250}: 'void java.lang.invoke.DirectMethodHandle$Holder.invokeVirtual(java.lang.Object, java.lang.Object)'> (0x00000000c5a10250) 
thrown [s\open\src\hotspot\share\interpreter\linkResolver.cpp, line 759]
Event: 0.731 Thread 0x00000188ee90f140 Exception <a 'java/lang/NoSuchMethodError'{0x00000000c59c13c8}: 'void java.lang.invoke.DirectMethodHandle$Holder.invokeStaticInit(java.lang.Object)'> (0x00000000c59c13c8) 
thrown [s\open\src\hotspot\share\interpreter\linkResolver.cpp, line 759]

VM Operations (16 events):
Event: 0.094 Executing VM operation: HandshakeAllThreads
Event: 0.094 Executing VM operation: HandshakeAllThreads done
Event: 0.652 Executing VM operation: HandshakeAllThreads
Event: 0.652 Executing VM operation: HandshakeAllThreads done
Event: 0.688 Executing VM operation: HandshakeAllThreads
Event: 0.688 Executing VM operation: HandshakeAllThreads done
Event: 0.803 Executing VM operation: HandshakeAllThreads
Event: 0.803 Executing VM operation: HandshakeAllThreads done
Event: 1.815 Executing VM operation: Cleanup
Event: 1.815 Executing VM operation: Cleanup done
Event: 2.830 Executing VM operation: Cleanup
Event: 2.830 Executing VM operation: Cleanup done
Event: 3.845 Executing VM operation: Cleanup
Event: 3.845 Executing VM operation: Cleanup done
Event: 4.860 Executing VM operation: Cleanup
Event: 4.860 Executing VM operation: Cleanup done

Events (20 events):
Event: 0.034 Thread 0x00000188fab67b40 Thread added: 0x00000188fab67b40
Event: 0.034 Thread 0x00000188fab7cc20 Thread added: 0x00000188fab7cc20
Event: 0.062 Thread 0x00000188ff0105f0 Thread added: 0x00000188ff0105f0
Event: 0.083 Loaded shared library C:\Program Files\Java\jdk-18.0.2.1\bin\net.dll
Event: 0.085 Loaded shared library C:\Program Files\Java\jdk-18.0.2.1\bin\nio.dll
Event: 0.118 Thread 0x00000188ff182cf0 Thread added: 0x00000188ff182cf0
Event: 0.132 Loaded shared library C:\Program Files\Java\jdk-18.0.2.1\bin\zip.dll
Event: 0.147 Loaded shared library C:\Program Files\Java\jdk-18.0.2.1\bin\jimage.dll
Event: 0.173 Loaded shared library C:\Program Files\Java\jdk-18.0.2.1\bin\awt.dll
Event: 0.261 Thread 0x00000188ff219820 Thread added: 0x00000188ff219820
Event: 0.263 Thread 0x00000188ff252c60 Thread added: 0x00000188ff252c60
Event: 0.265 Thread 0x00000188ff253120 Thread added: 0x00000188ff253120
Event: 0.417 Thread 0x00000188ff310130 Thread added: 0x00000188ff310130
Event: 0.585 Loaded shared library C:\Program Files\Java\jdk-18.0.2.1\bin\javajpeg.dll
Event: 0.707 Thread 0x00000188ff33f3a0 Thread added: 0x00000188ff33f3a0
Event: 0.736 Loaded shared library C:\Program Files\Java\jdk-18.0.2.1\bin\freetype.dll
Event: 0.737 Loaded shared library C:\Program Files\Java\jdk-18.0.2.1\bin\fontmanager.dll
Event: 0.800 Thread 0x00000188ee90f140 Thread exited: 0x00000188ee90f140
Event: 0.800 Thread 0x00000188ee90f140 Thread added: 0x00000188ee90f140
Event: 5.685 Thread 0x00000188ff310130 Thread exited: 0x00000188ff310130


Dynamic libraries:
0x00007ff63e960000 - 0x00007ff63e970000 	C:\Program Files\Java\jdk-18.0.2.1\bin\java.exe
0x00007fff7ec50000 - 0x00007fff7ee48000 	C:\WINDOWS\SYSTEM32\ntdll.dll
0x00007fff7d9f0000 - 0x00007fff7daaf000 	C:\WINDOWS\System32\KERNEL32.DLL
0x00007fff7c920000 - 0x00007fff7cbf2000 	C:\WINDOWS\System32\KERNELBASE.dll
0x00007fff7c7f0000 - 0x00007fff7c8f0000 	C:\WINDOWS\System32\ucrtbase.dll
0x00007fff4f0c0000 - 0x00007fff4f0da000 	C:\Program Files\Java\jdk-18.0.2.1\bin\VCRUNTIME140.dll
0x00007ffed2c90000 - 0x00007ffed2ca8000 	C:\Program Files\Java\jdk-18.0.2.1\bin\jli.dll
0x00007fff7e420000 - 0x00007fff7e4ce000 	C:\WINDOWS\System32\ADVAPI32.dll
0x00007fff7dbf0000 - 0x00007fff7dc8e000 	C:\WINDOWS\System32\msvcrt.dll
0x00007fff7cf00000 - 0x00007fff7cf9c000 	C:\WINDOWS\System32\sechost.dll
0x00007fff7e290000 - 0x00007fff7e3b4000 	C:\WINDOWS\System32\RPCRT4.dll
0x00007fff7e600000 - 0x00007fff7e7a1000 	C:\WINDOWS\System32\USER32.dll
0x00007fff7c8f0000 - 0x00007fff7c912000 	C:\WINDOWS\System32\win32u.dll
0x00007fff69100000 - 0x00007fff6939a000 	C:\WINDOWS\WinSxS\amd64_microsoft.windows.common-controls_6595b64144ccf1df_6.0.19041.1110_none_60b5254171f9507e\COMCTL32.dll
0x00007fff7d990000 - 0x00007fff7d9bb000 	C:\WINDOWS\System32\GDI32.dll
0x00007fff7c600000 - 0x00007fff7c70f000 	C:\WINDOWS\System32\gdi32full.dll
0x00007fff7cc00000 - 0x00007fff7cc9d000 	C:\WINDOWS\System32\msvcp_win.dll
0x00007fff751c0000 - 0x00007fff751ca000 	C:\WINDOWS\SYSTEM32\VERSION.dll
0x00007fff7e810000 - 0x00007fff7e840000 	C:\WINDOWS\System32\IMM32.DLL
0x00007fff4e330000 - 0x00007fff4e33c000 	C:\Program Files\Java\jdk-18.0.2.1\bin\vcruntime140_1.dll
0x00007ffee91e0000 - 0x00007ffee926d000 	C:\Program Files\Java\jdk-18.0.2.1\bin\msvcp140.dll
0x00007ffee94e0000 - 0x00007ffeea0f1000 	C:\Program Files\Java\jdk-18.0.2.1\bin\server\jvm.dll
0x00007fff7d9c0000 - 0x00007fff7d9c8000 	C:\WINDOWS\System32\PSAPI.DLL
0x00007fff68eb0000 - 0x00007fff68ed7000 	C:\WINDOWS\SYSTEM32\WINMM.dll
0x00007fff67260000 - 0x00007fff67269000 	C:\WINDOWS\SYSTEM32\WSOCK32.dll
0x00007fff7e840000 - 0x00007fff7e8ab000 	C:\WINDOWS\System32\WS2_32.dll
0x00007fff7abd0000 - 0x00007fff7abe2000 	C:\WINDOWS\SYSTEM32\kernel.appcore.dll
0x00007fff4e2e0000 - 0x00007fff4e2ea000 	C:\Program Files\Java\jdk-18.0.2.1\bin\jimage.dll
0x00007fff7a100000 - 0x00007fff7a2e4000 	C:\WINDOWS\SYSTEM32\DBGHELP.DLL
0x00007fff65260000 - 0x00007fff65295000 	C:\WINDOWS\SYSTEM32\dbgcore.DLL
0x00007fff7c710000 - 0x00007fff7c792000 	C:\WINDOWS\System32\bcryptPrimitives.dll
0x00007fff07ca0000 - 0x00007fff07cc5000 	C:\Program Files\Java\jdk-18.0.2.1\bin\java.dll
0x00007ffee9400000 - 0x00007ffee94d6000 	C:\Program Files\Java\jdk-18.0.2.1\bin\jsvml.dll
0x00007fff7d0c0000 - 0x00007fff7d805000 	C:\WINDOWS\System32\SHELL32.dll
0x00007fff7a2f0000 - 0x00007fff7aa82000 	C:\WINDOWS\SYSTEM32\windows.storage.dll
0x00007fff7e8b0000 - 0x00007fff7ec05000 	C:\WINDOWS\System32\combase.dll
0x00007fff7bdb0000 - 0x00007fff7bde0000 	C:\WINDOWS\SYSTEM32\Wldp.dll
0x00007fff7e1e0000 - 0x00007fff7e28d000 	C:\WINDOWS\System32\SHCORE.dll
0x00007fff7e7b0000 - 0x00007fff7e805000 	C:\WINDOWS\System32\shlwapi.dll
0x00007fff7c290000 - 0x00007fff7c2af000 	C:\WINDOWS\SYSTEM32\profapi.dll
0x00007fff11ef0000 - 0x00007fff11f03000 	C:\Program Files\Java\jdk-18.0.2.1\bin\net.dll
0x00007fff724b0000 - 0x00007fff725ba000 	C:\WINDOWS\SYSTEM32\WINHTTP.dll
0x00007fff7bb10000 - 0x00007fff7bb7a000 	C:\WINDOWS\system32\mswsock.dll
0x00007fff07c80000 - 0x00007fff07c96000 	C:\Program Files\Java\jdk-18.0.2.1\bin\nio.dll
0x00007fff07c60000 - 0x00007fff07c78000 	C:\Program Files\Java\jdk-18.0.2.1\bin\zip.dll
0x00007ffee9270000 - 0x00007ffee93ff000 	C:\Program Files\Java\jdk-18.0.2.1\bin\awt.dll
0x00007fff7e4d0000 - 0x00007fff7e59d000 	C:\WINDOWS\System32\OLEAUT32.dll
0x00007fff793a0000 - 0x00007fff79430000 	C:\WINDOWS\SYSTEM32\apphelp.dll
0x00007fff79b70000 - 0x00007fff79b9f000 	C:\WINDOWS\system32\DWMAPI.DLL
0x00007fff798f0000 - 0x00007fff7998e000 	C:\WINDOWS\system32\uxtheme.dll
0x00007fff65860000 - 0x00007fff65985000 	C:\WINDOWS\system32\opengl32.dll
0x00007fff656b0000 - 0x00007fff656dc000 	C:\WINDOWS\SYSTEM32\GLU32.dll
0x00007fff7cfa0000 - 0x00007fff7d0b4000 	C:\WINDOWS\System32\MSCTF.dll
0x00007fff7dac0000 - 0x00007fff7dbea000 	C:\WINDOWS\System32\ole32.dll
0x00007ffed2b50000 - 0x00007ffed2b7d000 	C:\Program Files\Java\jdk-18.0.2.1\bin\javajpeg.dll
0x00007ffee9150000 - 0x00007ffee91d6000 	C:\Program Files\Java\jdk-18.0.2.1\bin\freetype.dll
0x00007ffee90a0000 - 0x00007ffee9148000 	C:\Program Files\Java\jdk-18.0.2.1\bin\fontmanager.dll
0x00007fff6fc30000 - 0x00007fff6fd29000 	C:\WINDOWS\SYSTEM32\textinputframework.dll
0x00007fff790d0000 - 0x00007fff791c2000 	C:\WINDOWS\System32\CoreMessaging.dll
0x00007fff789f0000 - 0x00007fff78d4e000 	C:\WINDOWS\System32\CoreUIComponents.dll
0x00007fff7b450000 - 0x00007fff7b483000 	C:\WINDOWS\SYSTEM32\ntmarta.dll
0x00007fff77a10000 - 0x00007fff77b64000 	C:\WINDOWS\SYSTEM32\wintypes.dll

dbghelp: loaded successfully - version: 4.0.5 - missing functions: none
symbol engine: initialized successfully - sym options: 0x614 - pdb path: .;C:\Program Files\Java\jdk-18.0.2.1\bin;C:\WINDOWS\SYSTEM32;C:\WINDOWS\WinSxS\amd64_microsoft.windows.common-controls_6595b64144ccf1df_6.0.19041.1110_none_60b5254171f9507e;C:\Program Files\Java\jdk-18.0.2.1\bin\server

VM Arguments:
jvm_args: -Dfile.encoding=UTF-8 --module-path=F:\Java Projects\Travel Management System\build\classes 
java_command: travel.management.system.Payment
java_class_path (initial): C:\Users\dell\Downloads\mysql-connector-java-8.0.28.jar;F:\Java Projects\Travel Management System\build\classes
Launcher Type: SUN_STANDARD

[Global flags]
     intx CICompilerCount                          = 3                                         {product} {ergonomic}
     uint ConcGCThreads                            = 1                                         {product} {ergonomic}
     uint G1ConcRefinementThreads                  = 4                                         {product} {ergonomic}
   size_t G1HeapRegionSize                         = 1048576                                   {product} {ergonomic}
    uintx GCDrainStackTargetSize                   = 64                                        {product} {ergonomic}
   size_t InitialHeapSize                          = 65011712                                  {product} {ergonomic}
   size_t MarkStackSize                            = 4194304                                   {product} {ergonomic}
   size_t MaxHeapSize                              = 1040187392                                {product} {ergonomic}
   size_t MaxNewSize                               = 623902720                                 {product} {ergonomic}
   size_t MinHeapDeltaBytes                        = 1048576                                   {product} {ergonomic}
   size_t MinHeapSize                              = 8388608                                   {product} {ergonomic}
    uintx NonNMethodCodeHeapSize                   = 5832780                                {pd product} {ergonomic}
    uintx NonProfiledCodeHeapSize                  = 122912730                              {pd product} {ergonomic}
    uintx ProfiledCodeHeapSize                     = 122912730                              {pd product} {ergonomic}
    uintx ReservedCodeCacheSize                    = 251658240                              {pd product} {ergonomic}
     bool SegmentedCodeCache                       = true                                      {product} {ergonomic}
   size_t SoftMaxHeapSize                          = 1040187392                             {manageable} {ergonomic}
     bool UseCompressedClassPointers               = true                           {product lp64_product} {ergonomic}
     bool UseCompressedOops                        = true                           {product lp64_product} {ergonomic}
     bool UseG1GC                                  = true                                      {product} {ergonomic}
     bool UseLargePagesIndividualAllocation        = false                                  {pd product} {ergonomic}

Logging:
Log output configuration:
 #0: stdout all=warning uptime,level,tags foldmultilines=false
 #1: stderr all=off uptime,level,tags foldmultilines=false

Environment Variables:
PATH=C:\Python311\Scripts\;C:\Python311\;C:\Program Files\Java\jdk-18.0.2.1\bin;C:\Program Files\Common Files\Oracle\Java\javapath;C:\Program Files\MongoDB\Server\6.0\bin;C:\mongosh\mongosh-1.8.0-win32-x64\bin;C:\MinGW\bin;C:\WINDOWS\system32;C:\WINDOWS;C:\WINDOWS\System32\Wbem;C:\WINDOWS\System32\WindowsPowerShell\v1.0\;C:\WINDOWS\System32\OpenSSH\;C:\ProgramData\chocolatey\bin;C:\Program Files\nodejs\;C:\Program Files\Git\cmd;C:\Program Files\MySQL\MySQL Shell 8.0\bin\;C:\Users\dell\AppData\Local\Microsoft\WindowsApps;C:\Program Files\JetBrains\IntelliJ IDEA 2022.2.3\bin;;C:\Users\dell\AppData\Local\Programs\Microsoft VS Code\bin;C:\Users\dell\AppData\Roaming\npm;C:\Program Files\MongoDB\Server\6.0\bin;C:\Program Files\heroku\bin
USERNAME=dell
OS=Windows_NT
PROCESSOR_IDENTIFIER=Intel64 Family 6 Model 142 Stepping 9, GenuineIntel



---------------  S Y S T E M  ---------------

OS:
 Windows 10 , 64 bit Build 19041 (10.0.19041.2546)
OS uptime: 0 days 1:32 hours

CPU: total 4 (initial active 4) (2 cores per cpu, 2 threads per core) family 6 model 142 stepping 9 microcode 0xf0, cx8, cmov, fxsr, ht, mmx, 3dnowpref, sse, sse2, sse3, ssse3, sse4.1, sse4.2, popcnt, lzcnt, tsc, tscinvbit, avx, avx2, aes, erms, clmul, bmi1, bmi2, adx, fma, vzeroupper, clflush, clflushopt

Memory: 4k page, system-wide physical 3961M (272M free)
TotalPageFile size 16249M (AvailPageFile size 0M)
current process WorkingSet (physical memory assigned to process): 67M, peak: 67M
current process commit charge ("private bytes"): 145M, peak: 146M

vm_info: Java HotSpot(TM) 64-Bit Server VM (18.0.2.1+1-1) for windows-amd64 JRE (18.0.2.1+1-1), built on Aug 16 2022 01:46:33 by "mach5one" with MS VC++ 16.8 / 16.9 (VS2019)

END.
